[Wed, 13 Aug 14 11:14:09 +0200][INFO] SELECT IF(COUNT(*)>0, 1 , 0) FROM `INFORMATION_SCHEMA`.`TABLES` WHERE `TABLE_NAME`='feusers'
[Wed, 13 Aug 14 11:15:19 +0200][INFO] SELECT IF(COUNT(*)>0, 1 , 0) FROM `INFORMATION_SCHEMA`.`TABLES` WHERE `TABLE_NAME`='feusers'
[Wed, 13 Aug 14 11:15:19 +0200][INFO] DESCRIBE `feusers`
[Wed, 13 Aug 14 11:15:19 +0200][INFO] SELECT `feusers`.`uid`, `feusers`.`pid`, `feusers`.`tstamp`, `feusers`.`crdate`, `feusers`.`cruser_id`, `feusers`.`deleted`, `feusers`.`hidden`, `feusers`.`username`, `feusers`.`password`, `feusers`.`first_name`, `feusers`.`last_name`, `feusers`.`email`, `feusers`.`phone`, `feusers`.`address`, `feusers`.`city`, `feusers`.`userrole`, `feusers`.`usergroup`, `feusers`.`superuser` FROM `feusers` WHERE `feusers`.`email` = :email AND `feusers`.`password` = :password AND `feusers`.`deleted` = 0 AND `feusers`.`hidden` = 0 LIMIT :3
[Wed, 13 Aug 14 11:15:55 +0200][INFO] SELECT IF(COUNT(*)>0, 1 , 0) FROM `INFORMATION_SCHEMA`.`TABLES` WHERE `TABLE_NAME`='feusers'
[Wed, 13 Aug 14 11:15:55 +0200][INFO] DESCRIBE `feusers`
[Wed, 13 Aug 14 11:15:55 +0200][INFO] SELECT `feusers`.`uid`, `feusers`.`pid`, `feusers`.`tstamp`, `feusers`.`crdate`, `feusers`.`cruser_id`, `feusers`.`deleted`, `feusers`.`hidden`, `feusers`.`username`, `feusers`.`password`, `feusers`.`first_name`, `feusers`.`last_name`, `feusers`.`email`, `feusers`.`phone`, `feusers`.`address`, `feusers`.`city`, `feusers`.`userrole`, `feusers`.`usergroup`, `feusers`.`superuser` FROM `feusers` WHERE `feusers`.`email` = :email AND `feusers`.`password` = :password AND `feusers`.`deleted` = 0 AND `feusers`.`hidden` = 0 LIMIT :3
[Wed, 13 Aug 14 11:16:10 +0200][INFO] SELECT IF(COUNT(*)>0, 1 , 0) FROM `INFORMATION_SCHEMA`.`TABLES` WHERE `TABLE_NAME`='feusers'
[Wed, 13 Aug 14 11:16:10 +0200][INFO] DESCRIBE `feusers`
[Wed, 13 Aug 14 11:16:10 +0200][INFO] SELECT `feusers`.`uid`, `feusers`.`pid`, `feusers`.`tstamp`, `feusers`.`crdate`, `feusers`.`cruser_id`, `feusers`.`deleted`, `feusers`.`hidden`, `feusers`.`username`, `feusers`.`password`, `feusers`.`first_name`, `feusers`.`last_name`, `feusers`.`email`, `feusers`.`phone`, `feusers`.`address`, `feusers`.`city`, `feusers`.`userrole`, `feusers`.`usergroup`, `feusers`.`superuser` FROM `feusers` WHERE `feusers`.`email` = :email AND `feusers`.`password` = :password AND `feusers`.`deleted` = 0 AND `feusers`.`hidden` = 0 LIMIT :3
[Wed, 13 Aug 14 11:16:24 +0200][INFO] SELECT IF(COUNT(*)>0, 1 , 0) FROM `INFORMATION_SCHEMA`.`TABLES` WHERE `TABLE_NAME`='feusers'
[Wed, 13 Aug 14 11:16:24 +0200][INFO] DESCRIBE `feusers`
[Wed, 13 Aug 14 11:16:24 +0200][INFO] SELECT `feusers`.`uid`, `feusers`.`pid`, `feusers`.`tstamp`, `feusers`.`crdate`, `feusers`.`cruser_id`, `feusers`.`deleted`, `feusers`.`hidden`, `feusers`.`username`, `feusers`.`password`, `feusers`.`first_name`, `feusers`.`last_name`, `feusers`.`email`, `feusers`.`phone`, `feusers`.`address`, `feusers`.`city`, `feusers`.`userrole`, `feusers`.`usergroup`, `feusers`.`superuser` FROM `feusers` WHERE `feusers`.`email` = :email AND `feusers`.`password` = :password AND `feusers`.`deleted` = 0 AND `feusers`.`hidden` = 0 LIMIT :3
[Wed, 13 Aug 14 11:16:47 +0200][INFO] SELECT IF(COUNT(*)>0, 1 , 0) FROM `INFORMATION_SCHEMA`.`TABLES` WHERE `TABLE_NAME`='feusers'
[Wed, 13 Aug 14 11:16:47 +0200][INFO] DESCRIBE `feusers`
[Wed, 13 Aug 14 11:16:47 +0200][INFO] SELECT `feusers`.`uid`, `feusers`.`pid`, `feusers`.`tstamp`, `feusers`.`crdate`, `feusers`.`cruser_id`, `feusers`.`deleted`, `feusers`.`hidden`, `feusers`.`username`, `feusers`.`password`, `feusers`.`first_name`, `feusers`.`last_name`, `feusers`.`email`, `feusers`.`phone`, `feusers`.`address`, `feusers`.`city`, `feusers`.`userrole`, `feusers`.`usergroup`, `feusers`.`superuser` FROM `feusers` WHERE `feusers`.`email` = :email AND `feusers`.`password` = :password AND `feusers`.`deleted` = 0 AND `feusers`.`hidden` = 0 LIMIT :3
[Wed, 13 Aug 14 11:16:57 +0200][INFO] SELECT IF(COUNT(*)>0, 1 , 0) FROM `INFORMATION_SCHEMA`.`TABLES` WHERE `TABLE_NAME`='feusers'
[Wed, 13 Aug 14 11:16:57 +0200][INFO] DESCRIBE `feusers`
[Wed, 13 Aug 14 11:16:57 +0200][INFO] SELECT `feusers`.`uid`, `feusers`.`pid`, `feusers`.`tstamp`, `feusers`.`crdate`, `feusers`.`cruser_id`, `feusers`.`deleted`, `feusers`.`hidden`, `feusers`.`username`, `feusers`.`password`, `feusers`.`first_name`, `feusers`.`last_name`, `feusers`.`email`, `feusers`.`phone`, `feusers`.`address`, `feusers`.`city`, `feusers`.`userrole`, `feusers`.`usergroup`, `feusers`.`superuser` FROM `feusers` WHERE `feusers`.`email` = :email AND `feusers`.`password` = :password AND `feusers`.`deleted` = 0 AND `feusers`.`hidden` = 0 LIMIT :3
[Wed, 13 Aug 14 11:17:23 +0200][INFO] SELECT IF(COUNT(*)>0, 1 , 0) FROM `INFORMATION_SCHEMA`.`TABLES` WHERE `TABLE_NAME`='feusers'
[Wed, 13 Aug 14 11:17:23 +0200][INFO] DESCRIBE `feusers`
[Wed, 13 Aug 14 11:17:23 +0200][INFO] SELECT `feusers`.`uid`, `feusers`.`pid`, `feusers`.`tstamp`, `feusers`.`crdate`, `feusers`.`cruser_id`, `feusers`.`deleted`, `feusers`.`hidden`, `feusers`.`username`, `feusers`.`password`, `feusers`.`first_name`, `feusers`.`last_name`, `feusers`.`email`, `feusers`.`phone`, `feusers`.`address`, `feusers`.`city`, `feusers`.`userrole`, `feusers`.`usergroup`, `feusers`.`superuser` FROM `feusers` WHERE `feusers`.`email` = :email AND `feusers`.`password` = :password AND `feusers`.`deleted` = 0 AND `feusers`.`hidden` = 0 LIMIT :3
[Wed, 13 Aug 14 11:28:55 +0200][INFO] SELECT IF(COUNT(*)>0, 1 , 0) FROM `INFORMATION_SCHEMA`.`TABLES` WHERE `TABLE_NAME`='feusers'
[Wed, 13 Aug 14 11:28:55 +0200][INFO] DESCRIBE `feusers`
[Wed, 13 Aug 14 11:28:55 +0200][INFO] SELECT `feusers`.`uid`, `feusers`.`pid`, `feusers`.`tstamp`, `feusers`.`crdate`, `feusers`.`cruser_id`, `feusers`.`deleted`, `feusers`.`hidden`, `feusers`.`username`, `feusers`.`password`, `feusers`.`first_name`, `feusers`.`last_name`, `feusers`.`email`, `feusers`.`phone`, `feusers`.`address`, `feusers`.`city`, `feusers`.`userrole`, `feusers`.`usergroup`, `feusers`.`superuser` FROM `feusers` WHERE `feusers`.`email` = :email AND `feusers`.`password` = :password AND `feusers`.`deleted` = 0 AND `feusers`.`hidden` = 0 LIMIT :3
[Wed, 13 Aug 14 11:29:18 +0200][INFO] SELECT IF(COUNT(*)>0, 1 , 0) FROM `INFORMATION_SCHEMA`.`TABLES` WHERE `TABLE_NAME`='feusers'
[Wed, 13 Aug 14 11:29:18 +0200][INFO] DESCRIBE `feusers`
[Wed, 13 Aug 14 11:29:18 +0200][INFO] SELECT `feusers`.`uid`, `feusers`.`pid`, `feusers`.`tstamp`, `feusers`.`crdate`, `feusers`.`cruser_id`, `feusers`.`deleted`, `feusers`.`hidden`, `feusers`.`username`, `feusers`.`password`, `feusers`.`first_name`, `feusers`.`last_name`, `feusers`.`email`, `feusers`.`phone`, `feusers`.`address`, `feusers`.`city`, `feusers`.`userrole`, `feusers`.`usergroup`, `feusers`.`superuser` FROM `feusers` WHERE `feusers`.`email` = :email AND `feusers`.`password` = :password AND `feusers`.`deleted` = 0 AND `feusers`.`hidden` = 0 LIMIT :3
[Wed, 13 Aug 14 11:29:21 +0200][INFO] SELECT IF(COUNT(*)>0, 1 , 0) FROM `INFORMATION_SCHEMA`.`TABLES` WHERE `TABLE_NAME`='feusers'
[Wed, 13 Aug 14 11:29:21 +0200][INFO] DESCRIBE `feusers`
[Wed, 13 Aug 14 11:29:21 +0200][INFO] SELECT `feusers`.`uid`, `feusers`.`pid`, `feusers`.`tstamp`, `feusers`.`crdate`, `feusers`.`cruser_id`, `feusers`.`deleted`, `feusers`.`hidden`, `feusers`.`username`, `feusers`.`password`, `feusers`.`first_name`, `feusers`.`last_name`, `feusers`.`email`, `feusers`.`phone`, `feusers`.`address`, `feusers`.`city`, `feusers`.`userrole`, `feusers`.`usergroup`, `feusers`.`superuser` FROM `feusers` WHERE `feusers`.`email` = :email AND `feusers`.`password` = :password AND `feusers`.`deleted` = 0 AND `feusers`.`hidden` = 0 LIMIT :3
[Wed, 13 Aug 14 11:30:37 +0200][INFO] SELECT IF(COUNT(*)>0, 1 , 0) FROM `INFORMATION_SCHEMA`.`TABLES` WHERE `TABLE_NAME`='feusers'
[Wed, 13 Aug 14 11:30:37 +0200][INFO] DESCRIBE `feusers`
[Wed, 13 Aug 14 11:30:38 +0200][INFO] SELECT `feusers`.`uid`, `feusers`.`pid`, `feusers`.`tstamp`, `feusers`.`crdate`, `feusers`.`cruser_id`, `feusers`.`deleted`, `feusers`.`hidden`, `feusers`.`username`, `feusers`.`password`, `feusers`.`first_name`, `feusers`.`last_name`, `feusers`.`email`, `feusers`.`phone`, `feusers`.`address`, `feusers`.`city`, `feusers`.`userrole`, `feusers`.`usergroup`, `feusers`.`superuser` FROM `feusers` WHERE `feusers`.`email` = :email AND `feusers`.`password` = :password AND `feusers`.`deleted` = 0 AND `feusers`.`hidden` = 0 LIMIT :3
[Wed, 13 Aug 14 11:30:40 +0200][INFO] SELECT IF(COUNT(*)>0, 1 , 0) FROM `INFORMATION_SCHEMA`.`TABLES` WHERE `TABLE_NAME`='feusers'
[Wed, 13 Aug 14 11:30:40 +0200][INFO] DESCRIBE `feusers`
[Wed, 13 Aug 14 11:30:40 +0200][INFO] SELECT `feusers`.`uid`, `feusers`.`pid`, `feusers`.`tstamp`, `feusers`.`crdate`, `feusers`.`cruser_id`, `feusers`.`deleted`, `feusers`.`hidden`, `feusers`.`username`, `feusers`.`password`, `feusers`.`first_name`, `feusers`.`last_name`, `feusers`.`email`, `feusers`.`phone`, `feusers`.`address`, `feusers`.`city`, `feusers`.`userrole`, `feusers`.`usergroup`, `feusers`.`superuser` FROM `feusers` WHERE `feusers`.`email` = :email AND `feusers`.`password` = :password AND `feusers`.`deleted` = 0 AND `feusers`.`hidden` = 0 LIMIT :3
[Wed, 13 Aug 14 11:30:58 +0200][INFO] SELECT IF(COUNT(*)>0, 1 , 0) FROM `INFORMATION_SCHEMA`.`TABLES` WHERE `TABLE_NAME`='feusers'
[Wed, 13 Aug 14 11:30:58 +0200][INFO] DESCRIBE `feusers`
[Wed, 13 Aug 14 11:30:58 +0200][INFO] SELECT `feusers`.`uid`, `feusers`.`pid`, `feusers`.`tstamp`, `feusers`.`crdate`, `feusers`.`cruser_id`, `feusers`.`deleted`, `feusers`.`hidden`, `feusers`.`username`, `feusers`.`password`, `feusers`.`first_name`, `feusers`.`last_name`, `feusers`.`email`, `feusers`.`phone`, `feusers`.`address`, `feusers`.`city`, `feusers`.`userrole`, `feusers`.`usergroup`, `feusers`.`superuser` FROM `feusers` WHERE `feusers`.`email` = :email AND `feusers`.`password` = :password AND `feusers`.`deleted` = 0 AND `feusers`.`hidden` = 0 LIMIT :3
[Wed, 13 Aug 14 11:31:01 +0200][INFO] SELECT IF(COUNT(*)>0, 1 , 0) FROM `INFORMATION_SCHEMA`.`TABLES` WHERE `TABLE_NAME`='feusers'
[Wed, 13 Aug 14 11:31:01 +0200][INFO] DESCRIBE `feusers`
[Wed, 13 Aug 14 11:31:01 +0200][INFO] SELECT `feusers`.`uid`, `feusers`.`pid`, `feusers`.`tstamp`, `feusers`.`crdate`, `feusers`.`cruser_id`, `feusers`.`deleted`, `feusers`.`hidden`, `feusers`.`username`, `feusers`.`password`, `feusers`.`first_name`, `feusers`.`last_name`, `feusers`.`email`, `feusers`.`phone`, `feusers`.`address`, `feusers`.`city`, `feusers`.`userrole`, `feusers`.`usergroup`, `feusers`.`superuser` FROM `feusers` WHERE `feusers`.`email` = :email AND `feusers`.`password` = :password AND `feusers`.`deleted` = 0 AND `feusers`.`hidden` = 0 LIMIT :3
[Wed, 13 Aug 14 11:32:29 +0200][INFO] SELECT IF(COUNT(*)>0, 1 , 0) FROM `INFORMATION_SCHEMA`.`TABLES` WHERE `TABLE_NAME`='feusers'
[Wed, 13 Aug 14 11:32:29 +0200][INFO] DESCRIBE `feusers`
[Wed, 13 Aug 14 11:32:29 +0200][INFO] SELECT `feusers`.`uid`, `feusers`.`pid`, `feusers`.`tstamp`, `feusers`.`crdate`, `feusers`.`cruser_id`, `feusers`.`deleted`, `feusers`.`hidden`, `feusers`.`username`, `feusers`.`password`, `feusers`.`first_name`, `feusers`.`last_name`, `feusers`.`email`, `feusers`.`phone`, `feusers`.`address`, `feusers`.`city`, `feusers`.`userrole`, `feusers`.`usergroup`, `feusers`.`superuser` FROM `feusers` WHERE `feusers`.`email` = :email AND `feusers`.`password` = :password AND `feusers`.`deleted` = 0 AND `feusers`.`hidden` = 0 LIMIT :3
[Wed, 13 Aug 14 11:32:32 +0200][INFO] SELECT IF(COUNT(*)>0, 1 , 0) FROM `INFORMATION_SCHEMA`.`TABLES` WHERE `TABLE_NAME`='feusers'
[Wed, 13 Aug 14 11:32:32 +0200][INFO] DESCRIBE `feusers`
[Wed, 13 Aug 14 11:32:32 +0200][INFO] SELECT `feusers`.`uid`, `feusers`.`pid`, `feusers`.`tstamp`, `feusers`.`crdate`, `feusers`.`cruser_id`, `feusers`.`deleted`, `feusers`.`hidden`, `feusers`.`username`, `feusers`.`password`, `feusers`.`first_name`, `feusers`.`last_name`, `feusers`.`email`, `feusers`.`phone`, `feusers`.`address`, `feusers`.`city`, `feusers`.`userrole`, `feusers`.`usergroup`, `feusers`.`superuser` FROM `feusers` WHERE `feusers`.`email` = :email AND `feusers`.`password` = :password AND `feusers`.`deleted` = 0 AND `feusers`.`hidden` = 0 LIMIT :3
[Wed, 13 Aug 14 11:33:38 +0200][INFO] SELECT IF(COUNT(*)>0, 1 , 0) FROM `INFORMATION_SCHEMA`.`TABLES` WHERE `TABLE_NAME`='feusers'
[Wed, 13 Aug 14 11:33:38 +0200][INFO] DESCRIBE `feusers`
[Wed, 13 Aug 14 11:33:38 +0200][INFO] SELECT `feusers`.`uid`, `feusers`.`pid`, `feusers`.`tstamp`, `feusers`.`crdate`, `feusers`.`cruser_id`, `feusers`.`deleted`, `feusers`.`hidden`, `feusers`.`username`, `feusers`.`password`, `feusers`.`first_name`, `feusers`.`last_name`, `feusers`.`email`, `feusers`.`phone`, `feusers`.`address`, `feusers`.`city`, `feusers`.`userrole`, `feusers`.`usergroup`, `feusers`.`superuser` FROM `feusers` WHERE `feusers`.`email` = :email AND `feusers`.`password` = :password AND `feusers`.`deleted` = 0 AND `feusers`.`hidden` = 0 LIMIT :3
[Wed, 13 Aug 14 11:33:41 +0200][INFO] SELECT IF(COUNT(*)>0, 1 , 0) FROM `INFORMATION_SCHEMA`.`TABLES` WHERE `TABLE_NAME`='feusers'
[Wed, 13 Aug 14 11:33:41 +0200][INFO] DESCRIBE `feusers`
[Wed, 13 Aug 14 11:33:41 +0200][INFO] SELECT `feusers`.`uid`, `feusers`.`pid`, `feusers`.`tstamp`, `feusers`.`crdate`, `feusers`.`cruser_id`, `feusers`.`deleted`, `feusers`.`hidden`, `feusers`.`username`, `feusers`.`password`, `feusers`.`first_name`, `feusers`.`last_name`, `feusers`.`email`, `feusers`.`phone`, `feusers`.`address`, `feusers`.`city`, `feusers`.`userrole`, `feusers`.`usergroup`, `feusers`.`superuser` FROM `feusers` WHERE `feusers`.`email` = :email AND `feusers`.`password` = :password AND `feusers`.`deleted` = 0 AND `feusers`.`hidden` = 0 LIMIT :3
[Wed, 13 Aug 14 11:34:43 +0200][INFO] SELECT IF(COUNT(*)>0, 1 , 0) FROM `INFORMATION_SCHEMA`.`TABLES` WHERE `TABLE_NAME`='feusers'
[Wed, 13 Aug 14 11:34:43 +0200][INFO] DESCRIBE `feusers`
[Wed, 13 Aug 14 11:34:43 +0200][INFO] SELECT `feusers`.`uid`, `feusers`.`pid`, `feusers`.`tstamp`, `feusers`.`crdate`, `feusers`.`cruser_id`, `feusers`.`deleted`, `feusers`.`hidden`, `feusers`.`username`, `feusers`.`password`, `feusers`.`first_name`, `feusers`.`last_name`, `feusers`.`email`, `feusers`.`phone`, `feusers`.`address`, `feusers`.`city`, `feusers`.`userrole`, `feusers`.`usergroup`, `feusers`.`superuser` FROM `feusers` WHERE `feusers`.`email` = :email AND `feusers`.`password` = :password AND `feusers`.`deleted` = 0 AND `feusers`.`hidden` = 0 LIMIT :3
[Wed, 13 Aug 14 11:34:46 +0200][INFO] SELECT IF(COUNT(*)>0, 1 , 0) FROM `INFORMATION_SCHEMA`.`TABLES` WHERE `TABLE_NAME`='feusers'
[Wed, 13 Aug 14 11:34:46 +0200][INFO] DESCRIBE `feusers`
[Wed, 13 Aug 14 11:34:46 +0200][INFO] SELECT `feusers`.`uid`, `feusers`.`pid`, `feusers`.`tstamp`, `feusers`.`crdate`, `feusers`.`cruser_id`, `feusers`.`deleted`, `feusers`.`hidden`, `feusers`.`username`, `feusers`.`password`, `feusers`.`first_name`, `feusers`.`last_name`, `feusers`.`email`, `feusers`.`phone`, `feusers`.`address`, `feusers`.`city`, `feusers`.`userrole`, `feusers`.`usergroup`, `feusers`.`superuser` FROM `feusers` WHERE `feusers`.`email` = :email AND `feusers`.`password` = :password AND `feusers`.`deleted` = 0 AND `feusers`.`hidden` = 0 LIMIT :3
[Wed, 13 Aug 14 11:35:17 +0200][INFO] SELECT IF(COUNT(*)>0, 1 , 0) FROM `INFORMATION_SCHEMA`.`TABLES` WHERE `TABLE_NAME`='feusers'
[Wed, 13 Aug 14 11:35:17 +0200][INFO] DESCRIBE `feusers`
[Wed, 13 Aug 14 11:35:17 +0200][INFO] SELECT `feusers`.`uid`, `feusers`.`pid`, `feusers`.`tstamp`, `feusers`.`crdate`, `feusers`.`cruser_id`, `feusers`.`deleted`, `feusers`.`hidden`, `feusers`.`username`, `feusers`.`password`, `feusers`.`first_name`, `feusers`.`last_name`, `feusers`.`email`, `feusers`.`phone`, `feusers`.`address`, `feusers`.`city`, `feusers`.`userrole`, `feusers`.`usergroup`, `feusers`.`superuser` FROM `feusers` WHERE `feusers`.`email` = :email AND `feusers`.`password` = :password AND `feusers`.`deleted` = 0 AND `feusers`.`hidden` = 0 LIMIT :3
[Wed, 13 Aug 14 11:35:20 +0200][INFO] SELECT IF(COUNT(*)>0, 1 , 0) FROM `INFORMATION_SCHEMA`.`TABLES` WHERE `TABLE_NAME`='feusers'
[Wed, 13 Aug 14 11:35:20 +0200][INFO] DESCRIBE `feusers`
[Wed, 13 Aug 14 11:35:20 +0200][INFO] SELECT `feusers`.`uid`, `feusers`.`pid`, `feusers`.`tstamp`, `feusers`.`crdate`, `feusers`.`cruser_id`, `feusers`.`deleted`, `feusers`.`hidden`, `feusers`.`username`, `feusers`.`password`, `feusers`.`first_name`, `feusers`.`last_name`, `feusers`.`email`, `feusers`.`phone`, `feusers`.`address`, `feusers`.`city`, `feusers`.`userrole`, `feusers`.`usergroup`, `feusers`.`superuser` FROM `feusers` WHERE `feusers`.`email` = :email AND `feusers`.`password` = :password AND `feusers`.`deleted` = 0 AND `feusers`.`hidden` = 0 LIMIT :3
[Wed, 13 Aug 14 11:35:34 +0200][INFO] SELECT IF(COUNT(*)>0, 1 , 0) FROM `INFORMATION_SCHEMA`.`TABLES` WHERE `TABLE_NAME`='feusers'
[Wed, 13 Aug 14 11:35:34 +0200][INFO] DESCRIBE `feusers`
[Wed, 13 Aug 14 11:35:34 +0200][INFO] SELECT `feusers`.`uid`, `feusers`.`pid`, `feusers`.`tstamp`, `feusers`.`crdate`, `feusers`.`cruser_id`, `feusers`.`deleted`, `feusers`.`hidden`, `feusers`.`username`, `feusers`.`password`, `feusers`.`first_name`, `feusers`.`last_name`, `feusers`.`email`, `feusers`.`phone`, `feusers`.`address`, `feusers`.`city`, `feusers`.`userrole`, `feusers`.`usergroup`, `feusers`.`superuser` FROM `feusers` WHERE `feusers`.`email` = :email AND `feusers`.`password` = :password AND `feusers`.`deleted` = 0 AND `feusers`.`hidden` = 0 LIMIT :3
[Wed, 13 Aug 14 11:36:58 +0200][INFO] SELECT IF(COUNT(*)>0, 1 , 0) FROM `INFORMATION_SCHEMA`.`TABLES` WHERE `TABLE_NAME`='feusers'
[Wed, 13 Aug 14 11:36:58 +0200][INFO] DESCRIBE `feusers`
[Wed, 13 Aug 14 11:36:58 +0200][INFO] SELECT `feusers`.`uid`, `feusers`.`pid`, `feusers`.`tstamp`, `feusers`.`crdate`, `feusers`.`cruser_id`, `feusers`.`deleted`, `feusers`.`hidden`, `feusers`.`username`, `feusers`.`password`, `feusers`.`first_name`, `feusers`.`last_name`, `feusers`.`email`, `feusers`.`phone`, `feusers`.`address`, `feusers`.`city`, `feusers`.`userrole`, `feusers`.`usergroup`, `feusers`.`superuser` FROM `feusers` WHERE `feusers`.`email` = :email AND `feusers`.`password` = :password AND `feusers`.`deleted` = 0 AND `feusers`.`hidden` = 0 LIMIT :3
[Wed, 13 Aug 14 11:38:07 +0200][INFO] SELECT IF(COUNT(*)>0, 1 , 0) FROM `INFORMATION_SCHEMA`.`TABLES` WHERE `TABLE_NAME`='feusers'
[Wed, 13 Aug 14 11:38:07 +0200][INFO] DESCRIBE `feusers`
[Wed, 13 Aug 14 11:38:07 +0200][INFO] SELECT `feusers`.`uid`, `feusers`.`pid`, `feusers`.`tstamp`, `feusers`.`crdate`, `feusers`.`cruser_id`, `feusers`.`deleted`, `feusers`.`hidden`, `feusers`.`username`, `feusers`.`password`, `feusers`.`first_name`, `feusers`.`last_name`, `feusers`.`email`, `feusers`.`phone`, `feusers`.`address`, `feusers`.`city`, `feusers`.`userrole`, `feusers`.`usergroup`, `feusers`.`superuser` FROM `feusers` WHERE `feusers`.`email` = :email AND `feusers`.`password` = :password AND `feusers`.`deleted` = 0 AND `feusers`.`hidden` = 0 LIMIT :3
[Wed, 13 Aug 14 11:43:19 +0200][INFO] SELECT IF(COUNT(*)>0, 1 , 0) FROM `INFORMATION_SCHEMA`.`TABLES` WHERE `TABLE_NAME`='feusers'
[Wed, 13 Aug 14 11:43:19 +0200][INFO] DESCRIBE `feusers`
[Wed, 13 Aug 14 11:43:19 +0200][INFO] SELECT `feusers`.`uid`, `feusers`.`pid`, `feusers`.`tstamp`, `feusers`.`crdate`, `feusers`.`cruser_id`, `feusers`.`deleted`, `feusers`.`hidden`, `feusers`.`username`, `feusers`.`password`, `feusers`.`first_name`, `feusers`.`last_name`, `feusers`.`email`, `feusers`.`phone`, `feusers`.`address`, `feusers`.`city`, `feusers`.`userrole`, `feusers`.`usergroup`, `feusers`.`superuser` FROM `feusers` WHERE `feusers`.`email` = :email AND `feusers`.`password` = :password AND `feusers`.`deleted` = 0 AND `feusers`.`hidden` = 0 LIMIT :3
[Wed, 13 Aug 14 11:44:25 +0200][INFO] SELECT IF(COUNT(*)>0, 1 , 0) FROM `INFORMATION_SCHEMA`.`TABLES` WHERE `TABLE_NAME`='feusers'
[Wed, 13 Aug 14 11:44:25 +0200][INFO] DESCRIBE `feusers`
[Wed, 13 Aug 14 11:44:25 +0200][INFO] SELECT `feusers`.`uid`, `feusers`.`pid`, `feusers`.`tstamp`, `feusers`.`crdate`, `feusers`.`cruser_id`, `feusers`.`deleted`, `feusers`.`hidden`, `feusers`.`username`, `feusers`.`password`, `feusers`.`first_name`, `feusers`.`last_name`, `feusers`.`email`, `feusers`.`phone`, `feusers`.`address`, `feusers`.`city`, `feusers`.`userrole`, `feusers`.`usergroup`, `feusers`.`superuser` FROM `feusers` WHERE `feusers`.`email` = :email AND `feusers`.`password` = :password AND `feusers`.`deleted` = 0 AND `feusers`.`hidden` = 0 LIMIT :3
[Wed, 13 Aug 14 11:44:28 +0200][INFO] SELECT IF(COUNT(*)>0, 1 , 0) FROM `INFORMATION_SCHEMA`.`TABLES` WHERE `TABLE_NAME`='feusers'
[Wed, 13 Aug 14 11:44:28 +0200][INFO] DESCRIBE `feusers`
[Wed, 13 Aug 14 11:44:28 +0200][INFO] SELECT `feusers`.`uid`, `feusers`.`pid`, `feusers`.`tstamp`, `feusers`.`crdate`, `feusers`.`cruser_id`, `feusers`.`deleted`, `feusers`.`hidden`, `feusers`.`username`, `feusers`.`password`, `feusers`.`first_name`, `feusers`.`last_name`, `feusers`.`email`, `feusers`.`phone`, `feusers`.`address`, `feusers`.`city`, `feusers`.`userrole`, `feusers`.`usergroup`, `feusers`.`superuser` FROM `feusers` WHERE `feusers`.`email` = :email AND `feusers`.`password` = :password AND `feusers`.`deleted` = 0 AND `feusers`.`hidden` = 0 LIMIT :3
[Wed, 13 Aug 14 11:44:29 +0200][INFO] SELECT IF(COUNT(*)>0, 1 , 0) FROM `INFORMATION_SCHEMA`.`TABLES` WHERE `TABLE_NAME`='feusers'
[Wed, 13 Aug 14 11:44:29 +0200][INFO] DESCRIBE `feusers`
[Wed, 13 Aug 14 11:44:29 +0200][INFO] SELECT `feusers`.`uid`, `feusers`.`pid`, `feusers`.`tstamp`, `feusers`.`crdate`, `feusers`.`cruser_id`, `feusers`.`deleted`, `feusers`.`hidden`, `feusers`.`username`, `feusers`.`password`, `feusers`.`first_name`, `feusers`.`last_name`, `feusers`.`email`, `feusers`.`phone`, `feusers`.`address`, `feusers`.`city`, `feusers`.`userrole`, `feusers`.`usergroup`, `feusers`.`superuser` FROM `feusers` WHERE `feusers`.`email` = :email AND `feusers`.`password` = :password AND `feusers`.`deleted` = 0 AND `feusers`.`hidden` = 0 LIMIT :3
[Wed, 13 Aug 14 11:44:29 +0200][INFO] SELECT IF(COUNT(*)>0, 1 , 0) FROM `INFORMATION_SCHEMA`.`TABLES` WHERE `TABLE_NAME`='feusers'
[Wed, 13 Aug 14 11:44:29 +0200][INFO] DESCRIBE `feusers`
[Wed, 13 Aug 14 11:44:29 +0200][INFO] SELECT `feusers`.`uid`, `feusers`.`pid`, `feusers`.`tstamp`, `feusers`.`crdate`, `feusers`.`cruser_id`, `feusers`.`deleted`, `feusers`.`hidden`, `feusers`.`username`, `feusers`.`password`, `feusers`.`first_name`, `feusers`.`last_name`, `feusers`.`email`, `feusers`.`phone`, `feusers`.`address`, `feusers`.`city`, `feusers`.`userrole`, `feusers`.`usergroup`, `feusers`.`superuser` FROM `feusers` WHERE `feusers`.`email` = :email AND `feusers`.`password` = :password AND `feusers`.`deleted` = 0 AND `feusers`.`hidden` = 0 LIMIT :3
[Wed, 13 Aug 14 11:44:30 +0200][INFO] SELECT IF(COUNT(*)>0, 1 , 0) FROM `INFORMATION_SCHEMA`.`TABLES` WHERE `TABLE_NAME`='feusers'
[Wed, 13 Aug 14 11:44:30 +0200][INFO] DESCRIBE `feusers`
[Wed, 13 Aug 14 11:44:30 +0200][INFO] SELECT `feusers`.`uid`, `feusers`.`pid`, `feusers`.`tstamp`, `feusers`.`crdate`, `feusers`.`cruser_id`, `feusers`.`deleted`, `feusers`.`hidden`, `feusers`.`username`, `feusers`.`password`, `feusers`.`first_name`, `feusers`.`last_name`, `feusers`.`email`, `feusers`.`phone`, `feusers`.`address`, `feusers`.`city`, `feusers`.`userrole`, `feusers`.`usergroup`, `feusers`.`superuser` FROM `feusers` WHERE `feusers`.`email` = :email AND `feusers`.`password` = :password AND `feusers`.`deleted` = 0 AND `feusers`.`hidden` = 0 LIMIT :3
[Wed, 13 Aug 14 11:44:31 +0200][INFO] SELECT IF(COUNT(*)>0, 1 , 0) FROM `INFORMATION_SCHEMA`.`TABLES` WHERE `TABLE_NAME`='feusers'
[Wed, 13 Aug 14 11:44:31 +0200][INFO] DESCRIBE `feusers`
[Wed, 13 Aug 14 11:44:31 +0200][INFO] SELECT `feusers`.`uid`, `feusers`.`pid`, `feusers`.`tstamp`, `feusers`.`crdate`, `feusers`.`cruser_id`, `feusers`.`deleted`, `feusers`.`hidden`, `feusers`.`username`, `feusers`.`password`, `feusers`.`first_name`, `feusers`.`last_name`, `feusers`.`email`, `feusers`.`phone`, `feusers`.`address`, `feusers`.`city`, `feusers`.`userrole`, `feusers`.`usergroup`, `feusers`.`superuser` FROM `feusers` WHERE `feusers`.`email` = :email AND `feusers`.`password` = :password AND `feusers`.`deleted` = 0 AND `feusers`.`hidden` = 0 LIMIT :3
[Wed, 13 Aug 14 11:44:32 +0200][INFO] SELECT IF(COUNT(*)>0, 1 , 0) FROM `INFORMATION_SCHEMA`.`TABLES` WHERE `TABLE_NAME`='feusers'
[Wed, 13 Aug 14 11:44:32 +0200][INFO] DESCRIBE `feusers`
[Wed, 13 Aug 14 11:44:32 +0200][INFO] SELECT `feusers`.`uid`, `feusers`.`pid`, `feusers`.`tstamp`, `feusers`.`crdate`, `feusers`.`cruser_id`, `feusers`.`deleted`, `feusers`.`hidden`, `feusers`.`username`, `feusers`.`password`, `feusers`.`first_name`, `feusers`.`last_name`, `feusers`.`email`, `feusers`.`phone`, `feusers`.`address`, `feusers`.`city`, `feusers`.`userrole`, `feusers`.`usergroup`, `feusers`.`superuser` FROM `feusers` WHERE `feusers`.`email` = :email AND `feusers`.`password` = :password AND `feusers`.`deleted` = 0 AND `feusers`.`hidden` = 0 LIMIT :3
[Wed, 13 Aug 14 12:38:54 +0200][INFO] SELECT IF(COUNT(*)>0, 1 , 0) FROM `INFORMATION_SCHEMA`.`TABLES` WHERE `TABLE_NAME`='feusers'
[Wed, 13 Aug 14 12:38:54 +0200][INFO] DESCRIBE `feusers`
[Wed, 13 Aug 14 12:38:54 +0200][INFO] SELECT `feusers`.`uid`, `feusers`.`pid`, `feusers`.`tstamp`, `feusers`.`crdate`, `feusers`.`cruser_id`, `feusers`.`deleted`, `feusers`.`hidden`, `feusers`.`username`, `feusers`.`password`, `feusers`.`first_name`, `feusers`.`last_name`, `feusers`.`email`, `feusers`.`phone`, `feusers`.`address`, `feusers`.`city`, `feusers`.`userrole`, `feusers`.`usergroup`, `feusers`.`superuser` FROM `feusers` WHERE `feusers`.`email` = :email AND `feusers`.`deleted` = 0 AND `feusers`.`hidden` = 0 LIMIT :2
[Wed, 13 Aug 14 12:39:27 +0200][INFO] SELECT IF(COUNT(*)>0, 1 , 0) FROM `INFORMATION_SCHEMA`.`TABLES` WHERE `TABLE_NAME`='feusers'
[Wed, 13 Aug 14 12:39:27 +0200][INFO] DESCRIBE `feusers`
[Wed, 13 Aug 14 12:39:27 +0200][INFO] SELECT `feusers`.`uid`, `feusers`.`pid`, `feusers`.`tstamp`, `feusers`.`crdate`, `feusers`.`cruser_id`, `feusers`.`deleted`, `feusers`.`hidden`, `feusers`.`username`, `feusers`.`password`, `feusers`.`first_name`, `feusers`.`last_name`, `feusers`.`email`, `feusers`.`phone`, `feusers`.`address`, `feusers`.`city`, `feusers`.`userrole`, `feusers`.`usergroup`, `feusers`.`superuser` FROM `feusers` WHERE `feusers`.`email` = :email AND `feusers`.`deleted` = 0 AND `feusers`.`hidden` = 0 LIMIT :2
[Wed, 13 Aug 14 12:39:54 +0200][INFO] SELECT IF(COUNT(*)>0, 1 , 0) FROM `INFORMATION_SCHEMA`.`TABLES` WHERE `TABLE_NAME`='feusers'
[Wed, 13 Aug 14 12:39:54 +0200][INFO] DESCRIBE `feusers`
[Wed, 13 Aug 14 12:39:54 +0200][INFO] SELECT `feusers`.`uid`, `feusers`.`pid`, `feusers`.`tstamp`, `feusers`.`crdate`, `feusers`.`cruser_id`, `feusers`.`deleted`, `feusers`.`hidden`, `feusers`.`username`, `feusers`.`password`, `feusers`.`first_name`, `feusers`.`last_name`, `feusers`.`email`, `feusers`.`phone`, `feusers`.`address`, `feusers`.`city`, `feusers`.`userrole`, `feusers`.`usergroup`, `feusers`.`superuser` FROM `feusers` WHERE `feusers`.`email` = :email AND `feusers`.`deleted` = 0 AND `feusers`.`hidden` = 0 LIMIT :2
[Wed, 13 Aug 14 12:40:22 +0200][INFO] SELECT IF(COUNT(*)>0, 1 , 0) FROM `INFORMATION_SCHEMA`.`TABLES` WHERE `TABLE_NAME`='feusers'
[Wed, 13 Aug 14 12:40:22 +0200][INFO] DESCRIBE `feusers`
[Wed, 13 Aug 14 12:40:22 +0200][INFO] SELECT `feusers`.`uid`, `feusers`.`pid`, `feusers`.`tstamp`, `feusers`.`crdate`, `feusers`.`cruser_id`, `feusers`.`deleted`, `feusers`.`hidden`, `feusers`.`username`, `feusers`.`password`, `feusers`.`first_name`, `feusers`.`last_name`, `feusers`.`email`, `feusers`.`phone`, `feusers`.`address`, `feusers`.`city`, `feusers`.`userrole`, `feusers`.`usergroup`, `feusers`.`superuser` FROM `feusers` WHERE `feusers`.`email` = :email AND `feusers`.`deleted` = 0 AND `feusers`.`hidden` = 0 LIMIT :2
[Wed, 13 Aug 14 12:40:36 +0200][INFO] SELECT IF(COUNT(*)>0, 1 , 0) FROM `INFORMATION_SCHEMA`.`TABLES` WHERE `TABLE_NAME`='feusers'
[Wed, 13 Aug 14 12:40:36 +0200][INFO] DESCRIBE `feusers`
[Wed, 13 Aug 14 12:40:36 +0200][INFO] SELECT `feusers`.`uid`, `feusers`.`pid`, `feusers`.`tstamp`, `feusers`.`crdate`, `feusers`.`cruser_id`, `feusers`.`deleted`, `feusers`.`hidden`, `feusers`.`username`, `feusers`.`password`, `feusers`.`first_name`, `feusers`.`last_name`, `feusers`.`email`, `feusers`.`phone`, `feusers`.`address`, `feusers`.`city`, `feusers`.`userrole`, `feusers`.`usergroup`, `feusers`.`superuser` FROM `feusers` WHERE `feusers`.`email` = :email AND `feusers`.`deleted` = 0 AND `feusers`.`hidden` = 0 LIMIT :2
[Wed, 13 Aug 14 12:40:43 +0200][INFO] SELECT IF(COUNT(*)>0, 1 , 0) FROM `INFORMATION_SCHEMA`.`TABLES` WHERE `TABLE_NAME`='feusers'
[Wed, 13 Aug 14 12:40:43 +0200][INFO] DESCRIBE `feusers`
[Wed, 13 Aug 14 12:40:43 +0200][INFO] SELECT `feusers`.`uid`, `feusers`.`pid`, `feusers`.`tstamp`, `feusers`.`crdate`, `feusers`.`cruser_id`, `feusers`.`deleted`, `feusers`.`hidden`, `feusers`.`username`, `feusers`.`password`, `feusers`.`first_name`, `feusers`.`last_name`, `feusers`.`email`, `feusers`.`phone`, `feusers`.`address`, `feusers`.`city`, `feusers`.`userrole`, `feusers`.`usergroup`, `feusers`.`superuser` FROM `feusers` WHERE `feusers`.`email` = :email AND `feusers`.`deleted` = 0 AND `feusers`.`hidden` = 0 LIMIT :2
[Wed, 13 Aug 14 12:40:44 +0200][INFO] SELECT IF(COUNT(*)>0, 1 , 0) FROM `INFORMATION_SCHEMA`.`TABLES` WHERE `TABLE_NAME`='feusers'
[Wed, 13 Aug 14 12:40:44 +0200][INFO] DESCRIBE `feusers`
[Wed, 13 Aug 14 12:40:44 +0200][INFO] SELECT `feusers`.`uid`, `feusers`.`pid`, `feusers`.`tstamp`, `feusers`.`crdate`, `feusers`.`cruser_id`, `feusers`.`deleted`, `feusers`.`hidden`, `feusers`.`username`, `feusers`.`password`, `feusers`.`first_name`, `feusers`.`last_name`, `feusers`.`email`, `feusers`.`phone`, `feusers`.`address`, `feusers`.`city`, `feusers`.`userrole`, `feusers`.`usergroup`, `feusers`.`superuser` FROM `feusers` WHERE `feusers`.`email` = :email AND `feusers`.`deleted` = 0 AND `feusers`.`hidden` = 0 LIMIT :2
[Wed, 13 Aug 14 12:40:45 +0200][INFO] SELECT IF(COUNT(*)>0, 1 , 0) FROM `INFORMATION_SCHEMA`.`TABLES` WHERE `TABLE_NAME`='feusers'
[Wed, 13 Aug 14 12:40:45 +0200][INFO] DESCRIBE `feusers`
[Wed, 13 Aug 14 12:40:45 +0200][INFO] SELECT `feusers`.`uid`, `feusers`.`pid`, `feusers`.`tstamp`, `feusers`.`crdate`, `feusers`.`cruser_id`, `feusers`.`deleted`, `feusers`.`hidden`, `feusers`.`username`, `feusers`.`password`, `feusers`.`first_name`, `feusers`.`last_name`, `feusers`.`email`, `feusers`.`phone`, `feusers`.`address`, `feusers`.`city`, `feusers`.`userrole`, `feusers`.`usergroup`, `feusers`.`superuser` FROM `feusers` WHERE `feusers`.`email` = :email AND `feusers`.`deleted` = 0 AND `feusers`.`hidden` = 0 LIMIT :2
[Wed, 13 Aug 14 12:40:46 +0200][INFO] SELECT IF(COUNT(*)>0, 1 , 0) FROM `INFORMATION_SCHEMA`.`TABLES` WHERE `TABLE_NAME`='feusers'
[Wed, 13 Aug 14 12:40:46 +0200][INFO] DESCRIBE `feusers`
[Wed, 13 Aug 14 12:40:46 +0200][INFO] SELECT `feusers`.`uid`, `feusers`.`pid`, `feusers`.`tstamp`, `feusers`.`crdate`, `feusers`.`cruser_id`, `feusers`.`deleted`, `feusers`.`hidden`, `feusers`.`username`, `feusers`.`password`, `feusers`.`first_name`, `feusers`.`last_name`, `feusers`.`email`, `feusers`.`phone`, `feusers`.`address`, `feusers`.`city`, `feusers`.`userrole`, `feusers`.`usergroup`, `feusers`.`superuser` FROM `feusers` WHERE `feusers`.`email` = :email AND `feusers`.`deleted` = 0 AND `feusers`.`hidden` = 0 LIMIT :2
[Wed, 13 Aug 14 12:40:47 +0200][INFO] SELECT IF(COUNT(*)>0, 1 , 0) FROM `INFORMATION_SCHEMA`.`TABLES` WHERE `TABLE_NAME`='feusers'
[Wed, 13 Aug 14 12:40:47 +0200][INFO] DESCRIBE `feusers`
[Wed, 13 Aug 14 12:40:47 +0200][INFO] SELECT `feusers`.`uid`, `feusers`.`pid`, `feusers`.`tstamp`, `feusers`.`crdate`, `feusers`.`cruser_id`, `feusers`.`deleted`, `feusers`.`hidden`, `feusers`.`username`, `feusers`.`password`, `feusers`.`first_name`, `feusers`.`last_name`, `feusers`.`email`, `feusers`.`phone`, `feusers`.`address`, `feusers`.`city`, `feusers`.`userrole`, `feusers`.`usergroup`, `feusers`.`superuser` FROM `feusers` WHERE `feusers`.`email` = :email AND `feusers`.`deleted` = 0 AND `feusers`.`hidden` = 0 LIMIT :2
[Wed, 13 Aug 14 12:41:54 +0200][INFO] SELECT IF(COUNT(*)>0, 1 , 0) FROM `INFORMATION_SCHEMA`.`TABLES` WHERE `TABLE_NAME`='feusers'
[Wed, 13 Aug 14 12:41:54 +0200][INFO] DESCRIBE `feusers`
[Wed, 13 Aug 14 12:41:54 +0200][INFO] SELECT `feusers`.`uid`, `feusers`.`pid`, `feusers`.`tstamp`, `feusers`.`crdate`, `feusers`.`cruser_id`, `feusers`.`deleted`, `feusers`.`hidden`, `feusers`.`username`, `feusers`.`password`, `feusers`.`first_name`, `feusers`.`last_name`, `feusers`.`email`, `feusers`.`phone`, `feusers`.`address`, `feusers`.`city`, `feusers`.`userrole`, `feusers`.`usergroup`, `feusers`.`superuser` FROM `feusers` WHERE `feusers`.`email` = :email AND `feusers`.`deleted` = 0 AND `feusers`.`hidden` = 0 LIMIT :2
[Wed, 13 Aug 14 12:42:01 +0200][INFO] SELECT IF(COUNT(*)>0, 1 , 0) FROM `INFORMATION_SCHEMA`.`TABLES` WHERE `TABLE_NAME`='feusers'
[Wed, 13 Aug 14 12:42:01 +0200][INFO] DESCRIBE `feusers`
[Wed, 13 Aug 14 12:42:01 +0200][INFO] SELECT `feusers`.`uid`, `feusers`.`pid`, `feusers`.`tstamp`, `feusers`.`crdate`, `feusers`.`cruser_id`, `feusers`.`deleted`, `feusers`.`hidden`, `feusers`.`username`, `feusers`.`password`, `feusers`.`first_name`, `feusers`.`last_name`, `feusers`.`email`, `feusers`.`phone`, `feusers`.`address`, `feusers`.`city`, `feusers`.`userrole`, `feusers`.`usergroup`, `feusers`.`superuser` FROM `feusers` WHERE `feusers`.`email` = :email AND `feusers`.`deleted` = 0 AND `feusers`.`hidden` = 0 LIMIT :2
[Wed, 13 Aug 14 13:10:44 +0200][INFO] SELECT IF(COUNT(*)>0, 1 , 0) FROM `INFORMATION_SCHEMA`.`TABLES` WHERE `TABLE_NAME`='feusers'
[Wed, 13 Aug 14 13:10:44 +0200][INFO] DESCRIBE `feusers`
[Wed, 13 Aug 14 13:10:44 +0200][INFO] SELECT `feusers`.`uid`, `feusers`.`pid`, `feusers`.`tstamp`, `feusers`.`crdate`, `feusers`.`cruser_id`, `feusers`.`deleted`, `feusers`.`hidden`, `feusers`.`username`, `feusers`.`password`, `feusers`.`first_name`, `feusers`.`last_name`, `feusers`.`email`, `feusers`.`phone`, `feusers`.`address`, `feusers`.`city`, `feusers`.`userrole`, `feusers`.`usergroup`, `feusers`.`superuser` FROM `feusers` WHERE `feusers`.`email` = :email AND `feusers`.`deleted` = 0 AND `feusers`.`hidden` = 0 LIMIT :2
[Wed, 13 Aug 14 13:10:46 +0200][INFO] SELECT IF(COUNT(*)>0, 1 , 0) FROM `INFORMATION_SCHEMA`.`TABLES` WHERE `TABLE_NAME`='feusers'
[Wed, 13 Aug 14 13:10:46 +0200][INFO] DESCRIBE `feusers`
[Wed, 13 Aug 14 13:10:46 +0200][INFO] SELECT `feusers`.`uid`, `feusers`.`pid`, `feusers`.`tstamp`, `feusers`.`crdate`, `feusers`.`cruser_id`, `feusers`.`deleted`, `feusers`.`hidden`, `feusers`.`username`, `feusers`.`password`, `feusers`.`first_name`, `feusers`.`last_name`, `feusers`.`email`, `feusers`.`phone`, `feusers`.`address`, `feusers`.`city`, `feusers`.`userrole`, `feusers`.`usergroup`, `feusers`.`superuser` FROM `feusers` WHERE `feusers`.`email` = :email AND `feusers`.`deleted` = 0 AND `feusers`.`hidden` = 0 LIMIT :2
[Wed, 13 Aug 14 13:10:48 +0200][INFO] SELECT IF(COUNT(*)>0, 1 , 0) FROM `INFORMATION_SCHEMA`.`TABLES` WHERE `TABLE_NAME`='feusers'
[Wed, 13 Aug 14 13:10:48 +0200][INFO] DESCRIBE `feusers`
[Wed, 13 Aug 14 13:10:48 +0200][INFO] SELECT `feusers`.`uid`, `feusers`.`pid`, `feusers`.`tstamp`, `feusers`.`crdate`, `feusers`.`cruser_id`, `feusers`.`deleted`, `feusers`.`hidden`, `feusers`.`username`, `feusers`.`password`, `feusers`.`first_name`, `feusers`.`last_name`, `feusers`.`email`, `feusers`.`phone`, `feusers`.`address`, `feusers`.`city`, `feusers`.`userrole`, `feusers`.`usergroup`, `feusers`.`superuser` FROM `feusers` WHERE `feusers`.`email` = :email AND `feusers`.`deleted` = 0 AND `feusers`.`hidden` = 0 LIMIT :2
[Wed, 13 Aug 14 13:10:54 +0200][INFO] SELECT IF(COUNT(*)>0, 1 , 0) FROM `INFORMATION_SCHEMA`.`TABLES` WHERE `TABLE_NAME`='feusers'
[Wed, 13 Aug 14 13:10:54 +0200][INFO] DESCRIBE `feusers`
[Wed, 13 Aug 14 13:10:54 +0200][INFO] SELECT `feusers`.`uid`, `feusers`.`pid`, `feusers`.`tstamp`, `feusers`.`crdate`, `feusers`.`cruser_id`, `feusers`.`deleted`, `feusers`.`hidden`, `feusers`.`username`, `feusers`.`password`, `feusers`.`first_name`, `feusers`.`last_name`, `feusers`.`email`, `feusers`.`phone`, `feusers`.`address`, `feusers`.`city`, `feusers`.`userrole`, `feusers`.`usergroup`, `feusers`.`superuser` FROM `feusers` WHERE `feusers`.`email` = :email AND `feusers`.`deleted` = 0 AND `feusers`.`hidden` = 0 LIMIT :2
[Wed, 13 Aug 14 13:25:07 +0200][INFO] SELECT IF(COUNT(*)>0, 1 , 0) FROM `INFORMATION_SCHEMA`.`TABLES` WHERE `TABLE_NAME`='feusers'
[Wed, 13 Aug 14 13:25:07 +0200][INFO] DESCRIBE `feusers`
[Wed, 13 Aug 14 13:25:07 +0200][INFO] SELECT `feusers`.`uid`, `feusers`.`pid`, `feusers`.`tstamp`, `feusers`.`crdate`, `feusers`.`cruser_id`, `feusers`.`deleted`, `feusers`.`hidden`, `feusers`.`username`, `feusers`.`password`, `feusers`.`first_name`, `feusers`.`last_name`, `feusers`.`email`, `feusers`.`phone`, `feusers`.`address`, `feusers`.`city`, `feusers`.`userrole`, `feusers`.`usergroup`, `feusers`.`superuser` FROM `feusers` WHERE `feusers`.`email` = :email AND `feusers`.`deleted` = 0 AND `feusers`.`hidden` = 0 LIMIT :2
[Wed, 13 Aug 14 13:25:12 +0200][INFO] SELECT IF(COUNT(*)>0, 1 , 0) FROM `INFORMATION_SCHEMA`.`TABLES` WHERE `TABLE_NAME`='feusers'
[Wed, 13 Aug 14 13:25:12 +0200][INFO] DESCRIBE `feusers`
[Wed, 13 Aug 14 13:25:12 +0200][INFO] SELECT `feusers`.`uid`, `feusers`.`pid`, `feusers`.`tstamp`, `feusers`.`crdate`, `feusers`.`cruser_id`, `feusers`.`deleted`, `feusers`.`hidden`, `feusers`.`username`, `feusers`.`password`, `feusers`.`first_name`, `feusers`.`last_name`, `feusers`.`email`, `feusers`.`phone`, `feusers`.`address`, `feusers`.`city`, `feusers`.`userrole`, `feusers`.`usergroup`, `feusers`.`superuser` FROM `feusers` WHERE `feusers`.`email` = :email AND `feusers`.`deleted` = 0 AND `feusers`.`hidden` = 0 LIMIT :2
[Wed, 13 Aug 14 13:25:13 +0200][INFO] SELECT IF(COUNT(*)>0, 1 , 0) FROM `INFORMATION_SCHEMA`.`TABLES` WHERE `TABLE_NAME`='feusers'
[Wed, 13 Aug 14 13:25:13 +0200][INFO] DESCRIBE `feusers`
[Wed, 13 Aug 14 13:25:13 +0200][INFO] SELECT `feusers`.`uid`, `feusers`.`pid`, `feusers`.`tstamp`, `feusers`.`crdate`, `feusers`.`cruser_id`, `feusers`.`deleted`, `feusers`.`hidden`, `feusers`.`username`, `feusers`.`password`, `feusers`.`first_name`, `feusers`.`last_name`, `feusers`.`email`, `feusers`.`phone`, `feusers`.`address`, `feusers`.`city`, `feusers`.`userrole`, `feusers`.`usergroup`, `feusers`.`superuser` FROM `feusers` WHERE `feusers`.`email` = :email AND `feusers`.`deleted` = 0 AND `feusers`.`hidden` = 0 LIMIT :2
[Wed, 13 Aug 14 13:25:34 +0200][INFO] SELECT IF(COUNT(*)>0, 1 , 0) FROM `INFORMATION_SCHEMA`.`TABLES` WHERE `TABLE_NAME`='feusers'
[Wed, 13 Aug 14 13:25:34 +0200][INFO] DESCRIBE `feusers`
[Wed, 13 Aug 14 13:25:34 +0200][INFO] SELECT `feusers`.`uid`, `feusers`.`pid`, `feusers`.`tstamp`, `feusers`.`crdate`, `feusers`.`cruser_id`, `feusers`.`deleted`, `feusers`.`hidden`, `feusers`.`username`, `feusers`.`password`, `feusers`.`first_name`, `feusers`.`last_name`, `feusers`.`email`, `feusers`.`phone`, `feusers`.`address`, `feusers`.`city`, `feusers`.`userrole`, `feusers`.`usergroup`, `feusers`.`superuser` FROM `feusers` WHERE `feusers`.`email` = :email AND `feusers`.`deleted` = 0 AND `feusers`.`hidden` = 0 LIMIT :2
[Wed, 13 Aug 14 13:25:36 +0200][INFO] SELECT IF(COUNT(*)>0, 1 , 0) FROM `INFORMATION_SCHEMA`.`TABLES` WHERE `TABLE_NAME`='feusers'
[Wed, 13 Aug 14 13:25:36 +0200][INFO] DESCRIBE `feusers`
[Wed, 13 Aug 14 13:25:36 +0200][INFO] SELECT `feusers`.`uid`, `feusers`.`pid`, `feusers`.`tstamp`, `feusers`.`crdate`, `feusers`.`cruser_id`, `feusers`.`deleted`, `feusers`.`hidden`, `feusers`.`username`, `feusers`.`password`, `feusers`.`first_name`, `feusers`.`last_name`, `feusers`.`email`, `feusers`.`phone`, `feusers`.`address`, `feusers`.`city`, `feusers`.`userrole`, `feusers`.`usergroup`, `feusers`.`superuser` FROM `feusers` WHERE `feusers`.`email` = :email AND `feusers`.`deleted` = 0 AND `feusers`.`hidden` = 0 LIMIT :2
[Wed, 13 Aug 14 13:26:51 +0200][INFO] SELECT IF(COUNT(*)>0, 1 , 0) FROM `INFORMATION_SCHEMA`.`TABLES` WHERE `TABLE_NAME`='feusers'
[Wed, 13 Aug 14 13:26:51 +0200][INFO] DESCRIBE `feusers`
[Wed, 13 Aug 14 13:26:51 +0200][INFO] SELECT `feusers`.`uid`, `feusers`.`pid`, `feusers`.`tstamp`, `feusers`.`crdate`, `feusers`.`cruser_id`, `feusers`.`deleted`, `feusers`.`hidden`, `feusers`.`username`, `feusers`.`password`, `feusers`.`first_name`, `feusers`.`last_name`, `feusers`.`email`, `feusers`.`phone`, `feusers`.`address`, `feusers`.`city`, `feusers`.`userrole`, `feusers`.`usergroup`, `feusers`.`superuser` FROM `feusers` WHERE `feusers`.`email` = :email AND `feusers`.`deleted` = 0 AND `feusers`.`hidden` = 0 LIMIT :2
[Wed, 13 Aug 14 13:27:01 +0200][INFO] SELECT IF(COUNT(*)>0, 1 , 0) FROM `INFORMATION_SCHEMA`.`TABLES` WHERE `TABLE_NAME`='feusers'
[Wed, 13 Aug 14 13:27:01 +0200][INFO] DESCRIBE `feusers`
[Wed, 13 Aug 14 13:27:01 +0200][INFO] SELECT `feusers`.`uid`, `feusers`.`pid`, `feusers`.`tstamp`, `feusers`.`crdate`, `feusers`.`cruser_id`, `feusers`.`deleted`, `feusers`.`hidden`, `feusers`.`username`, `feusers`.`password`, `feusers`.`first_name`, `feusers`.`last_name`, `feusers`.`email`, `feusers`.`phone`, `feusers`.`address`, `feusers`.`city`, `feusers`.`userrole`, `feusers`.`usergroup`, `feusers`.`superuser` FROM `feusers` WHERE `feusers`.`email` = :email AND `feusers`.`deleted` = 0 AND `feusers`.`hidden` = 0 LIMIT :2
[Wed, 13 Aug 14 13:27:49 +0200][INFO] SELECT IF(COUNT(*)>0, 1 , 0) FROM `INFORMATION_SCHEMA`.`TABLES` WHERE `TABLE_NAME`='feusers'
[Wed, 13 Aug 14 13:27:49 +0200][INFO] DESCRIBE `feusers`
[Wed, 13 Aug 14 13:27:49 +0200][INFO] SELECT `feusers`.`uid`, `feusers`.`pid`, `feusers`.`tstamp`, `feusers`.`crdate`, `feusers`.`cruser_id`, `feusers`.`deleted`, `feusers`.`hidden`, `feusers`.`username`, `feusers`.`password`, `feusers`.`first_name`, `feusers`.`last_name`, `feusers`.`email`, `feusers`.`phone`, `feusers`.`address`, `feusers`.`city`, `feusers`.`userrole`, `feusers`.`usergroup`, `feusers`.`superuser` FROM `feusers` WHERE `feusers`.`email` = :email AND `feusers`.`deleted` = 0 AND `feusers`.`hidden` = 0 LIMIT :2
[Wed, 13 Aug 14 13:27:56 +0200][INFO] SELECT IF(COUNT(*)>0, 1 , 0) FROM `INFORMATION_SCHEMA`.`TABLES` WHERE `TABLE_NAME`='feusers'
[Wed, 13 Aug 14 13:27:56 +0200][INFO] DESCRIBE `feusers`
[Wed, 13 Aug 14 13:27:56 +0200][INFO] SELECT `feusers`.`uid`, `feusers`.`pid`, `feusers`.`tstamp`, `feusers`.`crdate`, `feusers`.`cruser_id`, `feusers`.`deleted`, `feusers`.`hidden`, `feusers`.`username`, `feusers`.`password`, `feusers`.`first_name`, `feusers`.`last_name`, `feusers`.`email`, `feusers`.`phone`, `feusers`.`address`, `feusers`.`city`, `feusers`.`userrole`, `feusers`.`usergroup`, `feusers`.`superuser` FROM `feusers` WHERE `feusers`.`email` = :email AND `feusers`.`deleted` = 0 AND `feusers`.`hidden` = 0 LIMIT :2
[Wed, 13 Aug 14 15:36:26 +0200][INFO] SELECT IF(COUNT(*)>0, 1 , 0) FROM `INFORMATION_SCHEMA`.`TABLES` WHERE `TABLE_NAME`='feusers'
[Wed, 13 Aug 14 15:36:26 +0200][INFO] DESCRIBE `feusers`
[Wed, 13 Aug 14 15:36:26 +0200][INFO] SELECT `feusers`.`uid`, `feusers`.`pid`, `feusers`.`tstamp`, `feusers`.`crdate`, `feusers`.`cruser_id`, `feusers`.`deleted`, `feusers`.`hidden`, `feusers`.`username`, `feusers`.`password`, `feusers`.`first_name`, `feusers`.`last_name`, `feusers`.`email`, `feusers`.`phone`, `feusers`.`address`, `feusers`.`city`, `feusers`.`userrole`, `feusers`.`usergroup`, `feusers`.`superuser` FROM `feusers` WHERE `feusers`.`email` = :email AND `feusers`.`deleted` = 0 AND `feusers`.`hidden` = 0 LIMIT :2
[Wed, 13 Aug 14 15:36:29 +0200][INFO] SELECT IF(COUNT(*)>0, 1 , 0) FROM `INFORMATION_SCHEMA`.`TABLES` WHERE `TABLE_NAME`='feusers'
[Wed, 13 Aug 14 15:36:29 +0200][INFO] DESCRIBE `feusers`
[Wed, 13 Aug 14 15:36:29 +0200][INFO] SELECT `feusers`.`uid`, `feusers`.`pid`, `feusers`.`tstamp`, `feusers`.`crdate`, `feusers`.`cruser_id`, `feusers`.`deleted`, `feusers`.`hidden`, `feusers`.`username`, `feusers`.`password`, `feusers`.`first_name`, `feusers`.`last_name`, `feusers`.`email`, `feusers`.`phone`, `feusers`.`address`, `feusers`.`city`, `feusers`.`userrole`, `feusers`.`usergroup`, `feusers`.`superuser` FROM `feusers` WHERE `feusers`.`email` = :email AND `feusers`.`deleted` = 0 AND `feusers`.`hidden` = 0 LIMIT :2
[Wed, 13 Aug 14 15:36:44 +0200][INFO] SELECT IF(COUNT(*)>0, 1 , 0) FROM `INFORMATION_SCHEMA`.`TABLES` WHERE `TABLE_NAME`='feusers'
[Wed, 13 Aug 14 15:36:44 +0200][INFO] DESCRIBE `feusers`
[Wed, 13 Aug 14 15:36:44 +0200][INFO] SELECT `feusers`.`uid`, `feusers`.`pid`, `feusers`.`tstamp`, `feusers`.`crdate`, `feusers`.`cruser_id`, `feusers`.`deleted`, `feusers`.`hidden`, `feusers`.`username`, `feusers`.`password`, `feusers`.`first_name`, `feusers`.`last_name`, `feusers`.`email`, `feusers`.`phone`, `feusers`.`address`, `feusers`.`city`, `feusers`.`userrole`, `feusers`.`usergroup`, `feusers`.`superuser` FROM `feusers` WHERE `feusers`.`email` = :email AND `feusers`.`deleted` = 0 AND `feusers`.`hidden` = 0 LIMIT :2
[Wed, 13 Aug 14 15:37:12 +0200][INFO] SELECT IF(COUNT(*)>0, 1 , 0) FROM `INFORMATION_SCHEMA`.`TABLES` WHERE `TABLE_NAME`='feusers'
[Wed, 13 Aug 14 15:37:12 +0200][INFO] DESCRIBE `feusers`
[Wed, 13 Aug 14 15:37:12 +0200][INFO] SELECT `feusers`.`uid`, `feusers`.`pid`, `feusers`.`tstamp`, `feusers`.`crdate`, `feusers`.`cruser_id`, `feusers`.`deleted`, `feusers`.`hidden`, `feusers`.`username`, `feusers`.`password`, `feusers`.`first_name`, `feusers`.`last_name`, `feusers`.`email`, `feusers`.`phone`, `feusers`.`address`, `feusers`.`city`, `feusers`.`userrole`, `feusers`.`usergroup`, `feusers`.`superuser` FROM `feusers` WHERE `feusers`.`email` = :email AND `feusers`.`deleted` = 0 AND `feusers`.`hidden` = 0 LIMIT :2
[Wed, 13 Aug 14 15:37:14 +0200][INFO] SELECT IF(COUNT(*)>0, 1 , 0) FROM `INFORMATION_SCHEMA`.`TABLES` WHERE `TABLE_NAME`='feusers'
[Wed, 13 Aug 14 15:37:14 +0200][INFO] DESCRIBE `feusers`
[Wed, 13 Aug 14 15:37:14 +0200][INFO] SELECT `feusers`.`uid`, `feusers`.`pid`, `feusers`.`tstamp`, `feusers`.`crdate`, `feusers`.`cruser_id`, `feusers`.`deleted`, `feusers`.`hidden`, `feusers`.`username`, `feusers`.`password`, `feusers`.`first_name`, `feusers`.`last_name`, `feusers`.`email`, `feusers`.`phone`, `feusers`.`address`, `feusers`.`city`, `feusers`.`userrole`, `feusers`.`usergroup`, `feusers`.`superuser` FROM `feusers` WHERE `feusers`.`email` = :email AND `feusers`.`deleted` = 0 AND `feusers`.`hidden` = 0 LIMIT :2
[Wed, 13 Aug 14 15:37:14 +0200][INFO] SELECT IF(COUNT(*)>0, 1 , 0) FROM `INFORMATION_SCHEMA`.`TABLES` WHERE `TABLE_NAME`='feusers'
[Wed, 13 Aug 14 15:37:14 +0200][INFO] DESCRIBE `feusers`
[Wed, 13 Aug 14 15:37:14 +0200][INFO] SELECT `feusers`.`uid`, `feusers`.`pid`, `feusers`.`tstamp`, `feusers`.`crdate`, `feusers`.`cruser_id`, `feusers`.`deleted`, `feusers`.`hidden`, `feusers`.`username`, `feusers`.`password`, `feusers`.`first_name`, `feusers`.`last_name`, `feusers`.`email`, `feusers`.`phone`, `feusers`.`address`, `feusers`.`city`, `feusers`.`userrole`, `feusers`.`usergroup`, `feusers`.`superuser` FROM `feusers` WHERE `feusers`.`email` = :email AND `feusers`.`deleted` = 0 AND `feusers`.`hidden` = 0 LIMIT :2
[Wed, 13 Aug 14 15:37:15 +0200][INFO] SELECT IF(COUNT(*)>0, 1 , 0) FROM `INFORMATION_SCHEMA`.`TABLES` WHERE `TABLE_NAME`='feusers'
[Wed, 13 Aug 14 15:37:15 +0200][INFO] DESCRIBE `feusers`
[Wed, 13 Aug 14 15:37:15 +0200][INFO] SELECT `feusers`.`uid`, `feusers`.`pid`, `feusers`.`tstamp`, `feusers`.`crdate`, `feusers`.`cruser_id`, `feusers`.`deleted`, `feusers`.`hidden`, `feusers`.`username`, `feusers`.`password`, `feusers`.`first_name`, `feusers`.`last_name`, `feusers`.`email`, `feusers`.`phone`, `feusers`.`address`, `feusers`.`city`, `feusers`.`userrole`, `feusers`.`usergroup`, `feusers`.`superuser` FROM `feusers` WHERE `feusers`.`email` = :email AND `feusers`.`deleted` = 0 AND `feusers`.`hidden` = 0 LIMIT :2
[Wed, 13 Aug 14 15:37:19 +0200][INFO] SELECT IF(COUNT(*)>0, 1 , 0) FROM `INFORMATION_SCHEMA`.`TABLES` WHERE `TABLE_NAME`='feusers'
[Wed, 13 Aug 14 15:37:19 +0200][INFO] DESCRIBE `feusers`
[Wed, 13 Aug 14 15:37:19 +0200][INFO] SELECT `feusers`.`uid`, `feusers`.`pid`, `feusers`.`tstamp`, `feusers`.`crdate`, `feusers`.`cruser_id`, `feusers`.`deleted`, `feusers`.`hidden`, `feusers`.`username`, `feusers`.`password`, `feusers`.`first_name`, `feusers`.`last_name`, `feusers`.`email`, `feusers`.`phone`, `feusers`.`address`, `feusers`.`city`, `feusers`.`userrole`, `feusers`.`usergroup`, `feusers`.`superuser` FROM `feusers` WHERE `feusers`.`email` = :email AND `feusers`.`deleted` = 0 AND `feusers`.`hidden` = 0 LIMIT :2
[Wed, 13 Aug 14 15:37:38 +0200][INFO] SELECT IF(COUNT(*)>0, 1 , 0) FROM `INFORMATION_SCHEMA`.`TABLES` WHERE `TABLE_NAME`='feusers'
[Wed, 13 Aug 14 15:37:38 +0200][INFO] DESCRIBE `feusers`
[Wed, 13 Aug 14 15:37:38 +0200][INFO] SELECT `feusers`.`uid`, `feusers`.`pid`, `feusers`.`tstamp`, `feusers`.`crdate`, `feusers`.`cruser_id`, `feusers`.`deleted`, `feusers`.`hidden`, `feusers`.`username`, `feusers`.`password`, `feusers`.`first_name`, `feusers`.`last_name`, `feusers`.`email`, `feusers`.`phone`, `feusers`.`address`, `feusers`.`city`, `feusers`.`userrole`, `feusers`.`usergroup`, `feusers`.`superuser` FROM `feusers` WHERE `feusers`.`email` = :email AND `feusers`.`deleted` = 0 AND `feusers`.`hidden` = 0 LIMIT :2
[Wed, 13 Aug 14 15:38:41 +0200][INFO] SELECT IF(COUNT(*)>0, 1 , 0) FROM `INFORMATION_SCHEMA`.`TABLES` WHERE `TABLE_NAME`='feusers'
[Wed, 13 Aug 14 15:38:41 +0200][INFO] DESCRIBE `feusers`
[Wed, 13 Aug 14 15:38:41 +0200][INFO] SELECT `feusers`.`uid`, `feusers`.`pid`, `feusers`.`tstamp`, `feusers`.`crdate`, `feusers`.`cruser_id`, `feusers`.`deleted`, `feusers`.`hidden`, `feusers`.`username`, `feusers`.`password`, `feusers`.`first_name`, `feusers`.`last_name`, `feusers`.`email`, `feusers`.`phone`, `feusers`.`address`, `feusers`.`city`, `feusers`.`userrole`, `feusers`.`usergroup`, `feusers`.`superuser` FROM `feusers` WHERE `feusers`.`email` = :email AND `feusers`.`deleted` = 0 AND `feusers`.`hidden` = 0 LIMIT :2
[Wed, 13 Aug 14 16:02:20 +0200][INFO] SELECT IF(COUNT(*)>0, 1 , 0) FROM `INFORMATION_SCHEMA`.`TABLES` WHERE `TABLE_NAME`='feusers'
[Wed, 13 Aug 14 16:02:20 +0200][INFO] DESCRIBE `feusers`
[Wed, 13 Aug 14 16:02:20 +0200][INFO] SELECT `feusers`.`uid`, `feusers`.`pid`, `feusers`.`tstamp`, `feusers`.`crdate`, `feusers`.`cruser_id`, `feusers`.`deleted`, `feusers`.`hidden`, `feusers`.`username`, `feusers`.`password`, `feusers`.`first_name`, `feusers`.`last_name`, `feusers`.`email`, `feusers`.`phone`, `feusers`.`address`, `feusers`.`city`, `feusers`.`userrole`, `feusers`.`usergroup`, `feusers`.`superuser` FROM `feusers` WHERE `feusers`.`email` = :email AND `feusers`.`deleted` = 0 AND `feusers`.`hidden` = 0 LIMIT :2
[Wed, 13 Aug 14 16:02:49 +0200][INFO] SELECT IF(COUNT(*)>0, 1 , 0) FROM `INFORMATION_SCHEMA`.`TABLES` WHERE `TABLE_NAME`='feusers'
[Wed, 13 Aug 14 16:02:49 +0200][INFO] DESCRIBE `feusers`
[Wed, 13 Aug 14 16:02:49 +0200][INFO] SELECT `feusers`.`uid`, `feusers`.`pid`, `feusers`.`tstamp`, `feusers`.`crdate`, `feusers`.`cruser_id`, `feusers`.`deleted`, `feusers`.`hidden`, `feusers`.`username`, `feusers`.`password`, `feusers`.`first_name`, `feusers`.`last_name`, `feusers`.`email`, `feusers`.`phone`, `feusers`.`address`, `feusers`.`city`, `feusers`.`userrole`, `feusers`.`usergroup`, `feusers`.`superuser` FROM `feusers` WHERE `feusers`.`email` = :email AND `feusers`.`deleted` = 0 AND `feusers`.`hidden` = 0 LIMIT :2
[Wed, 13 Aug 14 16:10:02 +0200][INFO] SELECT IF(COUNT(*)>0, 1 , 0) FROM `INFORMATION_SCHEMA`.`TABLES` WHERE `TABLE_NAME`='feusers'
[Wed, 13 Aug 14 16:10:02 +0200][INFO] DESCRIBE `feusers`
[Wed, 13 Aug 14 16:10:02 +0200][INFO] SELECT `feusers`.`uid`, `feusers`.`pid`, `feusers`.`tstamp`, `feusers`.`crdate`, `feusers`.`cruser_id`, `feusers`.`deleted`, `feusers`.`hidden`, `feusers`.`username`, `feusers`.`password`, `feusers`.`first_name`, `feusers`.`last_name`, `feusers`.`email`, `feusers`.`phone`, `feusers`.`address`, `feusers`.`city`, `feusers`.`userrole`, `feusers`.`usergroup`, `feusers`.`superuser` FROM `feusers` WHERE `feusers`.`email` = :email AND `feusers`.`deleted` = 0 AND `feusers`.`hidden` = 0 LIMIT :2
[Wed, 13 Aug 14 16:10:12 +0200][INFO] SELECT IF(COUNT(*)>0, 1 , 0) FROM `INFORMATION_SCHEMA`.`TABLES` WHERE `TABLE_NAME`='feusers'
[Wed, 13 Aug 14 16:10:12 +0200][INFO] DESCRIBE `feusers`
[Wed, 13 Aug 14 16:10:13 +0200][INFO] SELECT `feusers`.`uid`, `feusers`.`pid`, `feusers`.`tstamp`, `feusers`.`crdate`, `feusers`.`cruser_id`, `feusers`.`deleted`, `feusers`.`hidden`, `feusers`.`username`, `feusers`.`password`, `feusers`.`first_name`, `feusers`.`last_name`, `feusers`.`email`, `feusers`.`phone`, `feusers`.`address`, `feusers`.`city`, `feusers`.`userrole`, `feusers`.`usergroup`, `feusers`.`superuser` FROM `feusers` WHERE `feusers`.`email` = :email AND `feusers`.`deleted` = 0 AND `feusers`.`hidden` = 0 LIMIT :2
[Wed, 13 Aug 14 16:10:16 +0200][INFO] SELECT IF(COUNT(*)>0, 1 , 0) FROM `INFORMATION_SCHEMA`.`TABLES` WHERE `TABLE_NAME`='feusers'
[Wed, 13 Aug 14 16:10:16 +0200][INFO] DESCRIBE `feusers`
[Wed, 13 Aug 14 16:10:16 +0200][INFO] SELECT `feusers`.`uid`, `feusers`.`pid`, `feusers`.`tstamp`, `feusers`.`crdate`, `feusers`.`cruser_id`, `feusers`.`deleted`, `feusers`.`hidden`, `feusers`.`username`, `feusers`.`password`, `feusers`.`first_name`, `feusers`.`last_name`, `feusers`.`email`, `feusers`.`phone`, `feusers`.`address`, `feusers`.`city`, `feusers`.`userrole`, `feusers`.`usergroup`, `feusers`.`superuser` FROM `feusers` WHERE `feusers`.`email` = :email AND `feusers`.`deleted` = 0 AND `feusers`.`hidden` = 0 LIMIT :2
[Wed, 13 Aug 14 16:10:40 +0200][INFO] SELECT IF(COUNT(*)>0, 1 , 0) FROM `INFORMATION_SCHEMA`.`TABLES` WHERE `TABLE_NAME`='feusers'
[Wed, 13 Aug 14 16:10:40 +0200][INFO] DESCRIBE `feusers`
[Wed, 13 Aug 14 16:10:40 +0200][INFO] SELECT `feusers`.`uid`, `feusers`.`pid`, `feusers`.`tstamp`, `feusers`.`crdate`, `feusers`.`cruser_id`, `feusers`.`deleted`, `feusers`.`hidden`, `feusers`.`username`, `feusers`.`password`, `feusers`.`first_name`, `feusers`.`last_name`, `feusers`.`email`, `feusers`.`phone`, `feusers`.`address`, `feusers`.`city`, `feusers`.`userrole`, `feusers`.`usergroup`, `feusers`.`superuser` FROM `feusers` WHERE `feusers`.`email` = :email AND `feusers`.`deleted` = 0 AND `feusers`.`hidden` = 0 LIMIT :2
[Wed, 13 Aug 14 16:10:48 +0200][INFO] SELECT IF(COUNT(*)>0, 1 , 0) FROM `INFORMATION_SCHEMA`.`TABLES` WHERE `TABLE_NAME`='feusers'
[Wed, 13 Aug 14 16:10:48 +0200][INFO] DESCRIBE `feusers`
[Wed, 13 Aug 14 16:10:48 +0200][INFO] SELECT `feusers`.`uid`, `feusers`.`pid`, `feusers`.`tstamp`, `feusers`.`crdate`, `feusers`.`cruser_id`, `feusers`.`deleted`, `feusers`.`hidden`, `feusers`.`username`, `feusers`.`password`, `feusers`.`first_name`, `feusers`.`last_name`, `feusers`.`email`, `feusers`.`phone`, `feusers`.`address`, `feusers`.`city`, `feusers`.`userrole`, `feusers`.`usergroup`, `feusers`.`superuser` FROM `feusers` WHERE `feusers`.`email` = :email AND `feusers`.`deleted` = 0 AND `feusers`.`hidden` = 0 LIMIT :2
[Wed, 13 Aug 14 16:11:10 +0200][INFO] SELECT IF(COUNT(*)>0, 1 , 0) FROM `INFORMATION_SCHEMA`.`TABLES` WHERE `TABLE_NAME`='feusers'
[Wed, 13 Aug 14 16:11:10 +0200][INFO] DESCRIBE `feusers`
[Wed, 13 Aug 14 16:11:10 +0200][INFO] SELECT `feusers`.`uid`, `feusers`.`pid`, `feusers`.`tstamp`, `feusers`.`crdate`, `feusers`.`cruser_id`, `feusers`.`deleted`, `feusers`.`hidden`, `feusers`.`username`, `feusers`.`password`, `feusers`.`first_name`, `feusers`.`last_name`, `feusers`.`email`, `feusers`.`phone`, `feusers`.`address`, `feusers`.`city`, `feusers`.`userrole`, `feusers`.`usergroup`, `feusers`.`superuser` FROM `feusers` WHERE `feusers`.`email` = :email AND `feusers`.`deleted` = 0 AND `feusers`.`hidden` = 0 LIMIT :2
[Wed, 13 Aug 14 16:13:07 +0200][INFO] SELECT IF(COUNT(*)>0, 1 , 0) FROM `INFORMATION_SCHEMA`.`TABLES` WHERE `TABLE_NAME`='feusers'
[Wed, 13 Aug 14 16:13:07 +0200][INFO] DESCRIBE `feusers`
[Wed, 13 Aug 14 16:13:07 +0200][INFO] SELECT `feusers`.`uid`, `feusers`.`pid`, `feusers`.`tstamp`, `feusers`.`crdate`, `feusers`.`cruser_id`, `feusers`.`deleted`, `feusers`.`hidden`, `feusers`.`username`, `feusers`.`password`, `feusers`.`first_name`, `feusers`.`last_name`, `feusers`.`email`, `feusers`.`phone`, `feusers`.`address`, `feusers`.`city`, `feusers`.`userrole`, `feusers`.`usergroup`, `feusers`.`superuser` FROM `feusers` WHERE `feusers`.`email` = :email AND `feusers`.`deleted` = 0 AND `feusers`.`hidden` = 0 LIMIT :2
[Wed, 13 Aug 14 16:13:27 +0200][INFO] SELECT IF(COUNT(*)>0, 1 , 0) FROM `INFORMATION_SCHEMA`.`TABLES` WHERE `TABLE_NAME`='feusers'
[Wed, 13 Aug 14 16:13:27 +0200][INFO] DESCRIBE `feusers`
[Wed, 13 Aug 14 16:13:27 +0200][INFO] SELECT `feusers`.`uid`, `feusers`.`pid`, `feusers`.`tstamp`, `feusers`.`crdate`, `feusers`.`cruser_id`, `feusers`.`deleted`, `feusers`.`hidden`, `feusers`.`username`, `feusers`.`password`, `feusers`.`first_name`, `feusers`.`last_name`, `feusers`.`email`, `feusers`.`phone`, `feusers`.`address`, `feusers`.`city`, `feusers`.`userrole`, `feusers`.`usergroup`, `feusers`.`superuser` FROM `feusers` WHERE `feusers`.`email` = :email AND `feusers`.`deleted` = 0 AND `feusers`.`hidden` = 0 LIMIT :2
[Wed, 13 Aug 14 16:23:45 +0200][INFO] SELECT IF(COUNT(*)>0, 1 , 0) FROM `INFORMATION_SCHEMA`.`TABLES` WHERE `TABLE_NAME`='feusers'
[Wed, 13 Aug 14 16:23:45 +0200][INFO] DESCRIBE `feusers`
[Wed, 13 Aug 14 16:23:45 +0200][INFO] SELECT `feusers`.`uid`, `feusers`.`pid`, `feusers`.`tstamp`, `feusers`.`crdate`, `feusers`.`cruser_id`, `feusers`.`deleted`, `feusers`.`hidden`, `feusers`.`username`, `feusers`.`password`, `feusers`.`first_name`, `feusers`.`last_name`, `feusers`.`email`, `feusers`.`phone`, `feusers`.`address`, `feusers`.`city`, `feusers`.`userrole`, `feusers`.`usergroup`, `feusers`.`superuser` FROM `feusers` WHERE `feusers`.`email` = :email AND `feusers`.`deleted` = 0 AND `feusers`.`hidden` = 0 LIMIT :2
[Wed, 13 Aug 14 16:25:48 +0200][INFO] SELECT IF(COUNT(*)>0, 1 , 0) FROM `INFORMATION_SCHEMA`.`TABLES` WHERE `TABLE_NAME`='feusers'
[Wed, 13 Aug 14 16:25:48 +0200][INFO] DESCRIBE `feusers`
[Wed, 13 Aug 14 16:25:48 +0200][INFO] SELECT `feusers`.`uid`, `feusers`.`pid`, `feusers`.`tstamp`, `feusers`.`crdate`, `feusers`.`cruser_id`, `feusers`.`deleted`, `feusers`.`hidden`, `feusers`.`username`, `feusers`.`password`, `feusers`.`first_name`, `feusers`.`last_name`, `feusers`.`email`, `feusers`.`phone`, `feusers`.`address`, `feusers`.`city`, `feusers`.`userrole`, `feusers`.`usergroup`, `feusers`.`superuser` FROM `feusers` WHERE `feusers`.`email` = :email AND `feusers`.`deleted` = 0 AND `feusers`.`hidden` = 0 LIMIT :2
[Wed, 13 Aug 14 16:26:03 +0200][INFO] SELECT IF(COUNT(*)>0, 1 , 0) FROM `INFORMATION_SCHEMA`.`TABLES` WHERE `TABLE_NAME`='feusers'
[Wed, 13 Aug 14 16:26:03 +0200][INFO] DESCRIBE `feusers`
[Wed, 13 Aug 14 16:26:03 +0200][INFO] SELECT `feusers`.`uid`, `feusers`.`pid`, `feusers`.`tstamp`, `feusers`.`crdate`, `feusers`.`cruser_id`, `feusers`.`deleted`, `feusers`.`hidden`, `feusers`.`username`, `feusers`.`password`, `feusers`.`first_name`, `feusers`.`last_name`, `feusers`.`email`, `feusers`.`phone`, `feusers`.`address`, `feusers`.`city`, `feusers`.`userrole`, `feusers`.`usergroup`, `feusers`.`superuser` FROM `feusers` WHERE `feusers`.`email` = :email AND `feusers`.`deleted` = 0 AND `feusers`.`hidden` = 0 LIMIT :2
[Wed, 13 Aug 14 16:26:32 +0200][INFO] SELECT IF(COUNT(*)>0, 1 , 0) FROM `INFORMATION_SCHEMA`.`TABLES` WHERE `TABLE_NAME`='feusers'
[Wed, 13 Aug 14 16:26:32 +0200][INFO] DESCRIBE `feusers`
[Wed, 13 Aug 14 16:26:32 +0200][INFO] SELECT `feusers`.`uid`, `feusers`.`pid`, `feusers`.`tstamp`, `feusers`.`crdate`, `feusers`.`cruser_id`, `feusers`.`deleted`, `feusers`.`hidden`, `feusers`.`username`, `feusers`.`password`, `feusers`.`first_name`, `feusers`.`last_name`, `feusers`.`email`, `feusers`.`phone`, `feusers`.`address`, `feusers`.`city`, `feusers`.`userrole`, `feusers`.`usergroup`, `feusers`.`superuser` FROM `feusers` WHERE `feusers`.`email` = :email AND `feusers`.`deleted` = 0 AND `feusers`.`hidden` = 0 LIMIT :2
[Wed, 13 Aug 14 16:27:27 +0200][INFO] SELECT IF(COUNT(*)>0, 1 , 0) FROM `INFORMATION_SCHEMA`.`TABLES` WHERE `TABLE_NAME`='feusers'
[Wed, 13 Aug 14 16:27:27 +0200][INFO] DESCRIBE `feusers`
[Wed, 13 Aug 14 16:27:27 +0200][INFO] SELECT `feusers`.`uid`, `feusers`.`pid`, `feusers`.`tstamp`, `feusers`.`crdate`, `feusers`.`cruser_id`, `feusers`.`deleted`, `feusers`.`hidden`, `feusers`.`username`, `feusers`.`password`, `feusers`.`first_name`, `feusers`.`last_name`, `feusers`.`email`, `feusers`.`phone`, `feusers`.`address`, `feusers`.`city`, `feusers`.`userrole`, `feusers`.`usergroup`, `feusers`.`superuser` FROM `feusers` WHERE `feusers`.`email` = :email AND `feusers`.`deleted` = 0 AND `feusers`.`hidden` = 0 LIMIT :2
[Wed, 13 Aug 14 16:27:32 +0200][INFO] SELECT IF(COUNT(*)>0, 1 , 0) FROM `INFORMATION_SCHEMA`.`TABLES` WHERE `TABLE_NAME`='feusers'
[Wed, 13 Aug 14 16:27:32 +0200][INFO] DESCRIBE `feusers`
[Wed, 13 Aug 14 16:27:32 +0200][INFO] SELECT `feusers`.`uid`, `feusers`.`pid`, `feusers`.`tstamp`, `feusers`.`crdate`, `feusers`.`cruser_id`, `feusers`.`deleted`, `feusers`.`hidden`, `feusers`.`username`, `feusers`.`password`, `feusers`.`first_name`, `feusers`.`last_name`, `feusers`.`email`, `feusers`.`phone`, `feusers`.`address`, `feusers`.`city`, `feusers`.`userrole`, `feusers`.`usergroup`, `feusers`.`superuser` FROM `feusers` WHERE `feusers`.`email` = :email AND `feusers`.`deleted` = 0 AND `feusers`.`hidden` = 0 LIMIT :2
[Wed, 13 Aug 14 16:27:44 +0200][INFO] SELECT IF(COUNT(*)>0, 1 , 0) FROM `INFORMATION_SCHEMA`.`TABLES` WHERE `TABLE_NAME`='feusers'
[Wed, 13 Aug 14 16:27:44 +0200][INFO] DESCRIBE `feusers`
[Wed, 13 Aug 14 16:27:44 +0200][INFO] SELECT `feusers`.`uid`, `feusers`.`pid`, `feusers`.`tstamp`, `feusers`.`crdate`, `feusers`.`cruser_id`, `feusers`.`deleted`, `feusers`.`hidden`, `feusers`.`username`, `feusers`.`password`, `feusers`.`first_name`, `feusers`.`last_name`, `feusers`.`email`, `feusers`.`phone`, `feusers`.`address`, `feusers`.`city`, `feusers`.`userrole`, `feusers`.`usergroup`, `feusers`.`superuser` FROM `feusers` WHERE `feusers`.`email` = :email AND `feusers`.`deleted` = 0 AND `feusers`.`hidden` = 0 LIMIT :2
[Wed, 13 Aug 14 16:27:49 +0200][INFO] SELECT IF(COUNT(*)>0, 1 , 0) FROM `INFORMATION_SCHEMA`.`TABLES` WHERE `TABLE_NAME`='feusers'
[Wed, 13 Aug 14 16:27:49 +0200][INFO] DESCRIBE `feusers`
[Wed, 13 Aug 14 16:27:49 +0200][INFO] SELECT `feusers`.`uid`, `feusers`.`pid`, `feusers`.`tstamp`, `feusers`.`crdate`, `feusers`.`cruser_id`, `feusers`.`deleted`, `feusers`.`hidden`, `feusers`.`username`, `feusers`.`password`, `feusers`.`first_name`, `feusers`.`last_name`, `feusers`.`email`, `feusers`.`phone`, `feusers`.`address`, `feusers`.`city`, `feusers`.`userrole`, `feusers`.`usergroup`, `feusers`.`superuser` FROM `feusers` WHERE `feusers`.`email` = :email AND `feusers`.`deleted` = 0 AND `feusers`.`hidden` = 0 LIMIT :2
[Wed, 13 Aug 14 16:28:52 +0200][INFO] SELECT IF(COUNT(*)>0, 1 , 0) FROM `INFORMATION_SCHEMA`.`TABLES` WHERE `TABLE_NAME`='feusers'
[Wed, 13 Aug 14 16:28:52 +0200][INFO] DESCRIBE `feusers`
[Wed, 13 Aug 14 16:28:52 +0200][INFO] SELECT `feusers`.`uid`, `feusers`.`pid`, `feusers`.`tstamp`, `feusers`.`crdate`, `feusers`.`cruser_id`, `feusers`.`deleted`, `feusers`.`hidden`, `feusers`.`username`, `feusers`.`password`, `feusers`.`first_name`, `feusers`.`last_name`, `feusers`.`email`, `feusers`.`phone`, `feusers`.`address`, `feusers`.`city`, `feusers`.`userrole`, `feusers`.`usergroup`, `feusers`.`superuser` FROM `feusers` WHERE `feusers`.`email` = :email AND `feusers`.`deleted` = 0 AND `feusers`.`hidden` = 0 LIMIT :2
[Wed, 13 Aug 14 16:29:48 +0200][INFO] SELECT IF(COUNT(*)>0, 1 , 0) FROM `INFORMATION_SCHEMA`.`TABLES` WHERE `TABLE_NAME`='feusers'
[Wed, 13 Aug 14 16:29:48 +0200][INFO] DESCRIBE `feusers`
[Wed, 13 Aug 14 16:29:48 +0200][INFO] SELECT `feusers`.`uid`, `feusers`.`pid`, `feusers`.`tstamp`, `feusers`.`crdate`, `feusers`.`cruser_id`, `feusers`.`deleted`, `feusers`.`hidden`, `feusers`.`username`, `feusers`.`password`, `feusers`.`first_name`, `feusers`.`last_name`, `feusers`.`email`, `feusers`.`phone`, `feusers`.`address`, `feusers`.`city`, `feusers`.`userrole`, `feusers`.`usergroup`, `feusers`.`superuser` FROM `feusers` WHERE `feusers`.`email` = :email AND `feusers`.`deleted` = 0 AND `feusers`.`hidden` = 0 LIMIT :2
[Thu, 14 Aug 14 09:14:56 +0200][INFO] SELECT IF(COUNT(*)>0, 1 , 0) FROM `INFORMATION_SCHEMA`.`TABLES` WHERE `TABLE_NAME`='feusers'
[Thu, 14 Aug 14 09:14:56 +0200][INFO] DESCRIBE `feusers`
[Thu, 14 Aug 14 09:14:57 +0200][INFO] SELECT `feusers`.`uid`, `feusers`.`pid`, `feusers`.`tstamp`, `feusers`.`crdate`, `feusers`.`cruser_id`, `feusers`.`deleted`, `feusers`.`hidden`, `feusers`.`username`, `feusers`.`password`, `feusers`.`first_name`, `feusers`.`last_name`, `feusers`.`email`, `feusers`.`phone`, `feusers`.`address`, `feusers`.`city`, `feusers`.`userrole`, `feusers`.`usergroup`, `feusers`.`superuser` FROM `feusers` WHERE `feusers`.`email` = :email AND `feusers`.`deleted` = 0 AND `feusers`.`hidden` = 0 LIMIT :2
[Thu, 14 Aug 14 09:39:09 +0200][INFO] SELECT IF(COUNT(*)>0, 1 , 0) FROM `INFORMATION_SCHEMA`.`TABLES` WHERE `TABLE_NAME`='feusers'
[Thu, 14 Aug 14 09:39:09 +0200][INFO] DESCRIBE `feusers`
[Thu, 14 Aug 14 09:39:09 +0200][INFO] SELECT `feusers`.`uid`, `feusers`.`pid`, `feusers`.`tstamp`, `feusers`.`crdate`, `feusers`.`cruser_id`, `feusers`.`deleted`, `feusers`.`hidden`, `feusers`.`username`, `feusers`.`password`, `feusers`.`first_name`, `feusers`.`last_name`, `feusers`.`email`, `feusers`.`phone`, `feusers`.`address`, `feusers`.`city`, `feusers`.`userrole`, `feusers`.`usergroup`, `feusers`.`superuser` FROM `feusers` WHERE `feusers`.`email` = :email AND `feusers`.`deleted` = 0 AND `feusers`.`hidden` = 0 LIMIT :2
[Thu, 14 Aug 14 12:28:42 +0200][INFO] SELECT IF(COUNT(*)>0, 1 , 0) FROM `INFORMATION_SCHEMA`.`TABLES` WHERE `TABLE_NAME`='feusers'
[Thu, 14 Aug 14 12:28:42 +0200][INFO] DESCRIBE `feusers`
[Thu, 14 Aug 14 12:28:42 +0200][INFO] SELECT `feusers`.`uid`, `feusers`.`pid`, `feusers`.`tstamp`, `feusers`.`crdate`, `feusers`.`cruser_id`, `feusers`.`deleted`, `feusers`.`hidden`, `feusers`.`username`, `feusers`.`password`, `feusers`.`first_name`, `feusers`.`last_name`, `feusers`.`email`, `feusers`.`phone`, `feusers`.`address`, `feusers`.`city`, `feusers`.`userrole`, `feusers`.`usergroup`, `feusers`.`superuser` FROM `feusers` WHERE `feusers`.`email` = :email AND `feusers`.`deleted` = 0 AND `feusers`.`hidden` = 0 LIMIT :2
[Thu, 14 Aug 14 13:05:07 +0200][INFO] SELECT IF(COUNT(*)>0, 1 , 0) FROM `INFORMATION_SCHEMA`.`TABLES` WHERE `TABLE_NAME`='feusers'
[Thu, 14 Aug 14 13:05:07 +0200][INFO] DESCRIBE `feusers`
[Thu, 14 Aug 14 13:05:07 +0200][INFO] SELECT `feusers`.`uid`, `feusers`.`pid`, `feusers`.`tstamp`, `feusers`.`crdate`, `feusers`.`cruser_id`, `feusers`.`deleted`, `feusers`.`hidden`, `feusers`.`username`, `feusers`.`password`, `feusers`.`first_name`, `feusers`.`last_name`, `feusers`.`email`, `feusers`.`phone`, `feusers`.`address`, `feusers`.`city`, `feusers`.`userrole`, `feusers`.`usergroup`, `feusers`.`superuser` FROM `feusers` WHERE `feusers`.`email` = :email AND `feusers`.`deleted` = 0 AND `feusers`.`hidden` = 0 LIMIT :2
[Thu, 14 Aug 14 16:49:04 +0200][INFO] SELECT IF(COUNT(*)>0, 1 , 0) FROM `INFORMATION_SCHEMA`.`TABLES` WHERE `TABLE_NAME`='feusers'
[Thu, 14 Aug 14 16:49:04 +0200][INFO] DESCRIBE `feusers`
[Thu, 14 Aug 14 16:49:04 +0200][INFO] SELECT `feusers`.`uid`, `feusers`.`pid`, `feusers`.`tstamp`, `feusers`.`crdate`, `feusers`.`cruser_id`, `feusers`.`deleted`, `feusers`.`hidden`, `feusers`.`username`, `feusers`.`password`, `feusers`.`first_name`, `feusers`.`last_name`, `feusers`.`email`, `feusers`.`phone`, `feusers`.`address`, `feusers`.`city`, `feusers`.`userrole`, `feusers`.`usergroup`, `feusers`.`superuser` FROM `feusers` WHERE `feusers`.`email` = :email AND `feusers`.`deleted` = 0 AND `feusers`.`hidden` = 0 LIMIT :2
[Thu, 14 Aug 14 16:49:16 +0200][INFO] SELECT IF(COUNT(*)>0, 1 , 0) FROM `INFORMATION_SCHEMA`.`TABLES` WHERE `TABLE_NAME`='feusers'
[Thu, 14 Aug 14 16:49:16 +0200][INFO] DESCRIBE `feusers`
[Thu, 14 Aug 14 16:49:16 +0200][INFO] SELECT `feusers`.`uid`, `feusers`.`pid`, `feusers`.`tstamp`, `feusers`.`crdate`, `feusers`.`cruser_id`, `feusers`.`deleted`, `feusers`.`hidden`, `feusers`.`username`, `feusers`.`password`, `feusers`.`first_name`, `feusers`.`last_name`, `feusers`.`email`, `feusers`.`phone`, `feusers`.`address`, `feusers`.`city`, `feusers`.`userrole`, `feusers`.`usergroup`, `feusers`.`superuser` FROM `feusers` WHERE `feusers`.`email` = :email AND `feusers`.`deleted` = 0 AND `feusers`.`hidden` = 0 LIMIT :2
[Thu, 14 Aug 14 16:58:22 +0200][INFO] SELECT IF(COUNT(*)>0, 1 , 0) FROM `INFORMATION_SCHEMA`.`TABLES` WHERE `TABLE_NAME`='feusers'
[Thu, 14 Aug 14 16:58:22 +0200][INFO] DESCRIBE `feusers`
[Thu, 14 Aug 14 16:58:22 +0200][INFO] SELECT `feusers`.`uid`, `feusers`.`pid`, `feusers`.`tstamp`, `feusers`.`crdate`, `feusers`.`cruser_id`, `feusers`.`deleted`, `feusers`.`hidden`, `feusers`.`username`, `feusers`.`password`, `feusers`.`first_name`, `feusers`.`last_name`, `feusers`.`email`, `feusers`.`phone`, `feusers`.`address`, `feusers`.`city`, `feusers`.`userrole`, `feusers`.`usergroup`, `feusers`.`superuser` FROM `feusers` WHERE `feusers`.`email` = :email AND `feusers`.`deleted` = 0 AND `feusers`.`hidden` = 0 LIMIT :2
[Thu, 14 Aug 14 16:58:35 +0200][INFO] SELECT IF(COUNT(*)>0, 1 , 0) FROM `INFORMATION_SCHEMA`.`TABLES` WHERE `TABLE_NAME`='feusers'
[Thu, 14 Aug 14 16:58:35 +0200][INFO] DESCRIBE `feusers`
[Thu, 14 Aug 14 16:58:35 +0200][INFO] SELECT `feusers`.`uid`, `feusers`.`pid`, `feusers`.`tstamp`, `feusers`.`crdate`, `feusers`.`cruser_id`, `feusers`.`deleted`, `feusers`.`hidden`, `feusers`.`username`, `feusers`.`password`, `feusers`.`first_name`, `feusers`.`last_name`, `feusers`.`email`, `feusers`.`phone`, `feusers`.`address`, `feusers`.`city`, `feusers`.`userrole`, `feusers`.`usergroup`, `feusers`.`superuser` FROM `feusers` WHERE `feusers`.`email` = :email AND `feusers`.`deleted` = 0 AND `feusers`.`hidden` = 0 LIMIT :2
[Thu, 14 Aug 14 16:59:31 +0200][INFO] SELECT IF(COUNT(*)>0, 1 , 0) FROM `INFORMATION_SCHEMA`.`TABLES` WHERE `TABLE_NAME`='feusers'
[Thu, 14 Aug 14 16:59:31 +0200][INFO] DESCRIBE `feusers`
[Thu, 14 Aug 14 16:59:31 +0200][INFO] SELECT `feusers`.`uid`, `feusers`.`pid`, `feusers`.`tstamp`, `feusers`.`crdate`, `feusers`.`cruser_id`, `feusers`.`deleted`, `feusers`.`hidden`, `feusers`.`username`, `feusers`.`password`, `feusers`.`first_name`, `feusers`.`last_name`, `feusers`.`email`, `feusers`.`phone`, `feusers`.`address`, `feusers`.`city`, `feusers`.`userrole`, `feusers`.`usergroup`, `feusers`.`superuser` FROM `feusers` WHERE `feusers`.`email` = :email AND `feusers`.`deleted` = 0 AND `feusers`.`hidden` = 0 LIMIT :2
[Thu, 14 Aug 14 17:08:12 +0200][INFO] SELECT IF(COUNT(*)>0, 1 , 0) FROM `INFORMATION_SCHEMA`.`TABLES` WHERE `TABLE_NAME`='feusers'
[Thu, 14 Aug 14 17:08:12 +0200][INFO] DESCRIBE `feusers`
[Thu, 14 Aug 14 17:08:12 +0200][INFO] SELECT `feusers`.`uid`, `feusers`.`pid`, `feusers`.`tstamp`, `feusers`.`crdate`, `feusers`.`cruser_id`, `feusers`.`deleted`, `feusers`.`hidden`, `feusers`.`username`, `feusers`.`password`, `feusers`.`first_name`, `feusers`.`last_name`, `feusers`.`email`, `feusers`.`phone`, `feusers`.`address`, `feusers`.`city`, `feusers`.`userrole`, `feusers`.`usergroup`, `feusers`.`superuser` FROM `feusers` WHERE `feusers`.`email` = :email AND `feusers`.`deleted` = 0 AND `feusers`.`hidden` = 0 LIMIT :2
[Thu, 14 Aug 14 17:09:06 +0200][INFO] SELECT IF(COUNT(*)>0, 1 , 0) FROM `INFORMATION_SCHEMA`.`TABLES` WHERE `TABLE_NAME`='feusers'
[Thu, 14 Aug 14 17:09:06 +0200][INFO] DESCRIBE `feusers`
[Thu, 14 Aug 14 17:09:06 +0200][INFO] SELECT `feusers`.`uid`, `feusers`.`pid`, `feusers`.`tstamp`, `feusers`.`crdate`, `feusers`.`cruser_id`, `feusers`.`deleted`, `feusers`.`hidden`, `feusers`.`username`, `feusers`.`password`, `feusers`.`first_name`, `feusers`.`last_name`, `feusers`.`email`, `feusers`.`phone`, `feusers`.`address`, `feusers`.`city`, `feusers`.`userrole`, `feusers`.`usergroup`, `feusers`.`superuser` FROM `feusers` WHERE `feusers`.`email` = :email AND `feusers`.`deleted` = 0 AND `feusers`.`hidden` = 0 LIMIT :2
[Thu, 14 Aug 14 17:09:23 +0200][INFO] SELECT IF(COUNT(*)>0, 1 , 0) FROM `INFORMATION_SCHEMA`.`TABLES` WHERE `TABLE_NAME`='feusers'
[Thu, 14 Aug 14 17:09:23 +0200][INFO] DESCRIBE `feusers`
[Thu, 14 Aug 14 17:09:23 +0200][INFO] SELECT `feusers`.`uid`, `feusers`.`pid`, `feusers`.`tstamp`, `feusers`.`crdate`, `feusers`.`cruser_id`, `feusers`.`deleted`, `feusers`.`hidden`, `feusers`.`username`, `feusers`.`password`, `feusers`.`first_name`, `feusers`.`last_name`, `feusers`.`email`, `feusers`.`phone`, `feusers`.`address`, `feusers`.`city`, `feusers`.`userrole`, `feusers`.`usergroup`, `feusers`.`superuser` FROM `feusers` WHERE `feusers`.`email` = :email AND `feusers`.`deleted` = 0 AND `feusers`.`hidden` = 0 LIMIT :2
[Thu, 14 Aug 14 17:09:38 +0200][INFO] SELECT IF(COUNT(*)>0, 1 , 0) FROM `INFORMATION_SCHEMA`.`TABLES` WHERE `TABLE_NAME`='feusers'
[Thu, 14 Aug 14 17:09:38 +0200][INFO] DESCRIBE `feusers`
[Thu, 14 Aug 14 17:09:38 +0200][INFO] SELECT `feusers`.`uid`, `feusers`.`pid`, `feusers`.`tstamp`, `feusers`.`crdate`, `feusers`.`cruser_id`, `feusers`.`deleted`, `feusers`.`hidden`, `feusers`.`username`, `feusers`.`password`, `feusers`.`first_name`, `feusers`.`last_name`, `feusers`.`email`, `feusers`.`phone`, `feusers`.`address`, `feusers`.`city`, `feusers`.`userrole`, `feusers`.`usergroup`, `feusers`.`superuser` FROM `feusers` WHERE `feusers`.`email` = :email AND `feusers`.`deleted` = 0 AND `feusers`.`hidden` = 0 LIMIT :2
[Thu, 14 Aug 14 17:12:31 +0200][INFO] SELECT IF(COUNT(*)>0, 1 , 0) FROM `INFORMATION_SCHEMA`.`TABLES` WHERE `TABLE_NAME`='feusers'
[Thu, 14 Aug 14 17:12:31 +0200][INFO] DESCRIBE `feusers`
[Thu, 14 Aug 14 17:12:31 +0200][INFO] SELECT `feusers`.`uid`, `feusers`.`pid`, `feusers`.`tstamp`, `feusers`.`crdate`, `feusers`.`cruser_id`, `feusers`.`deleted`, `feusers`.`hidden`, `feusers`.`username`, `feusers`.`password`, `feusers`.`first_name`, `feusers`.`last_name`, `feusers`.`email`, `feusers`.`phone`, `feusers`.`address`, `feusers`.`city`, `feusers`.`userrole`, `feusers`.`usergroup`, `feusers`.`superuser` FROM `feusers` WHERE `feusers`.`email` = :email AND `feusers`.`deleted` = 0 AND `feusers`.`hidden` = 0 LIMIT :2
[Thu, 14 Aug 14 17:12:45 +0200][INFO] SELECT IF(COUNT(*)>0, 1 , 0) FROM `INFORMATION_SCHEMA`.`TABLES` WHERE `TABLE_NAME`='feusers'
[Thu, 14 Aug 14 17:12:45 +0200][INFO] DESCRIBE `feusers`
[Thu, 14 Aug 14 17:12:45 +0200][INFO] SELECT `feusers`.`uid`, `feusers`.`pid`, `feusers`.`tstamp`, `feusers`.`crdate`, `feusers`.`cruser_id`, `feusers`.`deleted`, `feusers`.`hidden`, `feusers`.`username`, `feusers`.`password`, `feusers`.`first_name`, `feusers`.`last_name`, `feusers`.`email`, `feusers`.`phone`, `feusers`.`address`, `feusers`.`city`, `feusers`.`userrole`, `feusers`.`usergroup`, `feusers`.`superuser` FROM `feusers` WHERE `feusers`.`email` = :email AND `feusers`.`deleted` = 0 AND `feusers`.`hidden` = 0 LIMIT :2
[Thu, 14 Aug 14 17:13:06 +0200][INFO] SELECT IF(COUNT(*)>0, 1 , 0) FROM `INFORMATION_SCHEMA`.`TABLES` WHERE `TABLE_NAME`='feusers'
[Thu, 14 Aug 14 17:13:06 +0200][INFO] DESCRIBE `feusers`
[Thu, 14 Aug 14 17:13:06 +0200][INFO] SELECT `feusers`.`uid`, `feusers`.`pid`, `feusers`.`tstamp`, `feusers`.`crdate`, `feusers`.`cruser_id`, `feusers`.`deleted`, `feusers`.`hidden`, `feusers`.`username`, `feusers`.`password`, `feusers`.`first_name`, `feusers`.`last_name`, `feusers`.`email`, `feusers`.`phone`, `feusers`.`address`, `feusers`.`city`, `feusers`.`userrole`, `feusers`.`usergroup`, `feusers`.`superuser` FROM `feusers` WHERE `feusers`.`email` = :email AND `feusers`.`deleted` = 0 AND `feusers`.`hidden` = 0 LIMIT :2
[Thu, 14 Aug 14 17:24:19 +0200][INFO] SELECT IF(COUNT(*)>0, 1 , 0) FROM `INFORMATION_SCHEMA`.`TABLES` WHERE `TABLE_NAME`='feusers'
[Thu, 14 Aug 14 17:24:19 +0200][INFO] DESCRIBE `feusers`
[Thu, 14 Aug 14 17:24:19 +0200][INFO] SELECT `feusers`.`uid`, `feusers`.`pid`, `feusers`.`tstamp`, `feusers`.`crdate`, `feusers`.`cruser_id`, `feusers`.`deleted`, `feusers`.`hidden`, `feusers`.`username`, `feusers`.`password`, `feusers`.`first_name`, `feusers`.`last_name`, `feusers`.`email`, `feusers`.`phone`, `feusers`.`address`, `feusers`.`city`, `feusers`.`userrole`, `feusers`.`usergroup`, `feusers`.`superuser` FROM `feusers` WHERE `feusers`.`email` = :email AND `feusers`.`deleted` = 0 AND `feusers`.`hidden` = 0 LIMIT :2
[Thu, 14 Aug 14 17:25:05 +0200][INFO] SELECT IF(COUNT(*)>0, 1 , 0) FROM `INFORMATION_SCHEMA`.`TABLES` WHERE `TABLE_NAME`='feusers'
[Thu, 14 Aug 14 17:25:05 +0200][INFO] DESCRIBE `feusers`
[Thu, 14 Aug 14 17:25:05 +0200][INFO] SELECT `feusers`.`uid`, `feusers`.`pid`, `feusers`.`tstamp`, `feusers`.`crdate`, `feusers`.`cruser_id`, `feusers`.`deleted`, `feusers`.`hidden`, `feusers`.`username`, `feusers`.`password`, `feusers`.`first_name`, `feusers`.`last_name`, `feusers`.`email`, `feusers`.`phone`, `feusers`.`address`, `feusers`.`city`, `feusers`.`userrole`, `feusers`.`usergroup`, `feusers`.`superuser` FROM `feusers` WHERE `feusers`.`email` = :email AND `feusers`.`deleted` = 0 AND `feusers`.`hidden` = 0 LIMIT :2
[Thu, 14 Aug 14 17:25:12 +0200][INFO] SELECT IF(COUNT(*)>0, 1 , 0) FROM `INFORMATION_SCHEMA`.`TABLES` WHERE `TABLE_NAME`='feusers'
[Thu, 14 Aug 14 17:25:12 +0200][INFO] DESCRIBE `feusers`
[Thu, 14 Aug 14 17:25:12 +0200][INFO] SELECT `feusers`.`uid`, `feusers`.`pid`, `feusers`.`tstamp`, `feusers`.`crdate`, `feusers`.`cruser_id`, `feusers`.`deleted`, `feusers`.`hidden`, `feusers`.`username`, `feusers`.`password`, `feusers`.`first_name`, `feusers`.`last_name`, `feusers`.`email`, `feusers`.`phone`, `feusers`.`address`, `feusers`.`city`, `feusers`.`userrole`, `feusers`.`usergroup`, `feusers`.`superuser` FROM `feusers` WHERE `feusers`.`email` = :email AND `feusers`.`deleted` = 0 AND `feusers`.`hidden` = 0 LIMIT :2
[Thu, 14 Aug 14 17:26:32 +0200][INFO] SELECT IF(COUNT(*)>0, 1 , 0) FROM `INFORMATION_SCHEMA`.`TABLES` WHERE `TABLE_NAME`='feusers'
[Thu, 14 Aug 14 17:26:32 +0200][INFO] DESCRIBE `feusers`
[Thu, 14 Aug 14 17:26:32 +0200][INFO] SELECT `feusers`.`uid`, `feusers`.`pid`, `feusers`.`tstamp`, `feusers`.`crdate`, `feusers`.`cruser_id`, `feusers`.`deleted`, `feusers`.`hidden`, `feusers`.`username`, `feusers`.`password`, `feusers`.`first_name`, `feusers`.`last_name`, `feusers`.`email`, `feusers`.`phone`, `feusers`.`address`, `feusers`.`city`, `feusers`.`userrole`, `feusers`.`usergroup`, `feusers`.`superuser` FROM `feusers` WHERE `feusers`.`email` = :email AND `feusers`.`deleted` = 0 AND `feusers`.`hidden` = 0 LIMIT :2
[Thu, 14 Aug 14 17:26:46 +0200][INFO] SELECT IF(COUNT(*)>0, 1 , 0) FROM `INFORMATION_SCHEMA`.`TABLES` WHERE `TABLE_NAME`='feusers'
[Thu, 14 Aug 14 17:26:46 +0200][INFO] DESCRIBE `feusers`
[Thu, 14 Aug 14 17:26:46 +0200][INFO] SELECT `feusers`.`uid`, `feusers`.`pid`, `feusers`.`tstamp`, `feusers`.`crdate`, `feusers`.`cruser_id`, `feusers`.`deleted`, `feusers`.`hidden`, `feusers`.`username`, `feusers`.`password`, `feusers`.`first_name`, `feusers`.`last_name`, `feusers`.`email`, `feusers`.`phone`, `feusers`.`address`, `feusers`.`city`, `feusers`.`userrole`, `feusers`.`usergroup`, `feusers`.`superuser` FROM `feusers` WHERE `feusers`.`email` = :email AND `feusers`.`deleted` = 0 AND `feusers`.`hidden` = 0 LIMIT :2
[Fri, 15 Aug 14 08:45:27 +0200][INFO] SELECT IF(COUNT(*)>0, 1 , 0) FROM `INFORMATION_SCHEMA`.`TABLES` WHERE `TABLE_NAME`='feusers'
[Fri, 15 Aug 14 08:45:27 +0200][INFO] DESCRIBE `feusers`
[Fri, 15 Aug 14 08:45:28 +0200][INFO] SELECT `feusers`.`uid`, `feusers`.`pid`, `feusers`.`tstamp`, `feusers`.`crdate`, `feusers`.`cruser_id`, `feusers`.`deleted`, `feusers`.`hidden`, `feusers`.`username`, `feusers`.`password`, `feusers`.`first_name`, `feusers`.`last_name`, `feusers`.`email`, `feusers`.`phone`, `feusers`.`address`, `feusers`.`city`, `feusers`.`userrole`, `feusers`.`usergroup`, `feusers`.`superuser` FROM `feusers` WHERE `feusers`.`email` = :email AND `feusers`.`deleted` = 0 AND `feusers`.`hidden` = 0 LIMIT :2
[Fri, 15 Aug 14 08:58:08 +0200][INFO] SELECT IF(COUNT(*)>0, 1 , 0) FROM `INFORMATION_SCHEMA`.`TABLES` WHERE `TABLE_NAME`='feusers'
[Fri, 15 Aug 14 08:58:09 +0200][INFO] DESCRIBE `feusers`
[Fri, 15 Aug 14 08:58:09 +0200][INFO] SELECT `feusers`.`uid`, `feusers`.`pid`, `feusers`.`tstamp`, `feusers`.`crdate`, `feusers`.`cruser_id`, `feusers`.`deleted`, `feusers`.`hidden`, `feusers`.`username`, `feusers`.`password`, `feusers`.`first_name`, `feusers`.`last_name`, `feusers`.`email`, `feusers`.`phone`, `feusers`.`address`, `feusers`.`city`, `feusers`.`userrole`, `feusers`.`usergroup`, `feusers`.`superuser` FROM `feusers` WHERE `feusers`.`email` = :email AND `feusers`.`deleted` = 0 AND `feusers`.`hidden` = 0 LIMIT :2
[Fri, 15 Aug 14 09:04:32 +0200][INFO] SELECT IF(COUNT(*)>0, 1 , 0) FROM `INFORMATION_SCHEMA`.`TABLES` WHERE `TABLE_NAME`='feusers'
[Fri, 15 Aug 14 09:04:32 +0200][INFO] DESCRIBE `feusers`
[Fri, 15 Aug 14 09:04:32 +0200][INFO] SELECT `feusers`.`uid`, `feusers`.`pid`, `feusers`.`tstamp`, `feusers`.`crdate`, `feusers`.`cruser_id`, `feusers`.`deleted`, `feusers`.`hidden`, `feusers`.`username`, `feusers`.`password`, `feusers`.`first_name`, `feusers`.`last_name`, `feusers`.`email`, `feusers`.`phone`, `feusers`.`address`, `feusers`.`city`, `feusers`.`userrole`, `feusers`.`usergroup`, `feusers`.`superuser` FROM `feusers` WHERE `feusers`.`email` = :email AND `feusers`.`deleted` = 0 AND `feusers`.`hidden` = 0 LIMIT :2
